This file contains any messages produced by compilers while
running configure, to aid debugging if configure makes a mistake.

It was created by omniORB configure 4.2.3, which was
generated by GNU Autoconf 2.69.  Invocation command line was

  $ ../configure --host=x86_64-w64-mingw32

## --------- ##
## Platform. ##
## --------- ##

hostname = sylem-System-Product-Name
uname -m = x86_64
uname -r = 5.3.0-28-generic
uname -s = Linux
uname -v = #30~18.04.1-Ubuntu SMP Fri Jan 17 06:14:09 UTC 2020

/usr/bin/uname -p = unknown
/bin/uname -X     = unknown

/bin/arch              = unknown
/usr/bin/arch -k       = unknown
/usr/convex/getsysinfo = unknown
/usr/bin/hostinfo      = unknown
/bin/machine           = unknown
/usr/bin/oslevel       = unknown
/bin/universe          = unknown

PATH: /home/sylem/local/bin
PATH: /usr/lib/ccache
PATH: /home/sylem/local/bin
PATH: /home/sylem/.local/bin
PATH: /home/sylem/bin
PATH: /home/sylem/.local/bin
PATH: /home/sylem/local/bin
PATH: /usr/lib/ccache
PATH: /home/sylem/local/bin
PATH: /home/sylem/.local/bin
PATH: /usr/local/sbin
PATH: /usr/local/bin
PATH: /usr/sbin
PATH: /usr/bin
PATH: /sbin
PATH: /bin
PATH: /usr/games
PATH: /usr/local/games
PATH: /snap/bin
PATH: .
PATH: /opt/local/libexec/ccache
PATH: /opt/local/bin
PATH: /opt/bin
PATH: /opt/local/sbin
PATH: /usr/local/bin
PATH: /usr/bin
PATH: /usr/sbin
PATH: /sbin
PATH: /bin
PATH: /home/linuxbrew/.linuxbrew/bin/
PATH: .
PATH: /opt/local/libexec/ccache
PATH: /opt/local/bin
PATH: /opt/bin
PATH: /opt/local/sbin
PATH: /usr/local/bin
PATH: /usr/bin
PATH: /usr/sbin
PATH: /sbin
PATH: /bin
PATH: /home/linuxbrew/.linuxbrew/bin/


## ----------- ##
## Core tests. ##
## ----------- ##

configure:2748: checking build system type
configure:2762: result: x86_64-unknown-linux-gnu
configure:2782: checking host system type
configure:2795: result: x86_64-w64-mingw32
configure:2840: checking for x86_64-w64-mingw32-gcc
configure:2856: found /usr/lib/ccache/x86_64-w64-mingw32-gcc
configure:2867: result: x86_64-w64-mingw32-gcc
configure:3136: checking for C compiler version
configure:3145: x86_64-w64-mingw32-gcc --version >&5
x86_64-w64-mingw32-gcc (GCC) 7.3-win32 20180312
Copyright (C) 2017 Free Software Foundation, Inc.
This is free software; see the source for copying conditions.  There is NO
warranty; not even for MERCHANTABILITY or FITNESS FOR A PARTICULAR PURPOSE.

configure:3156: $? = 0
configure:3145: x86_64-w64-mingw32-gcc -v >&5
Using built-in specs.
COLLECT_GCC=/usr/bin/x86_64-w64-mingw32-gcc
COLLECT_LTO_WRAPPER=/usr/lib/gcc/x86_64-w64-mingw32/7.3-win32/lto-wrapper
Target: x86_64-w64-mingw32
Configured with: ../../src/configure --build=x86_64-linux-gnu --prefix=/usr --includedir='/usr/include' --mandir='/usr/share/man' --infodir='/usr/share/info' --sysconfdir=/etc --localstatedir=/var --disable-silent-rules --libdir='/usr/lib/x86_64-linux-gnu' --libexecdir='/usr/lib/x86_64-linux-gnu' --disable-maintainer-mode --disable-dependency-tracking --prefix=/usr --enable-shared --enable-static --disable-multilib --with-system-zlib --libexecdir=/usr/lib --without-included-gettext --libdir=/usr/lib --enable-libstdcxx-time=yes --with-tune=generic --with-headers=/usr/x86_64-w64-mingw32/include --enable-version-specific-runtime-libs --enable-fully-dynamic-string --enable-libgomp --enable-languages=c,c++,fortran,objc,obj-c++,ada --enable-lto --with-plugin-ld --enable-threads=win32 --program-suffix=-win32 --program-prefix=x86_64-w64-mingw32- --target=x86_64-w64-mingw32 --with-as=/usr/bin/x86_64-w64-mingw32-as --with-ld=/usr/bin/x86_64-w64-mingw32-ld --enable-libatomic --enable-libstdcxx-filesystem-ts=yes
Thread model: win32
gcc version 7.3-win32 20180312 (GCC) 
configure:3156: $? = 0
configure:3145: x86_64-w64-mingw32-gcc -V >&5
x86_64-w64-mingw32-gcc: error: unrecognized command line option '-V'
x86_64-w64-mingw32-gcc: fatal error: no input files
compilation terminated.
configure:3156: $? = 1
configure:3145: x86_64-w64-mingw32-gcc -qversion >&5
x86_64-w64-mingw32-gcc: error: unrecognized command line option '-qversion'; did you mean '--version'?
x86_64-w64-mingw32-gcc: fatal error: no input files
compilation terminated.
configure:3156: $? = 1
configure:3176: checking whether the C compiler works
configure:3198: x86_64-w64-mingw32-gcc -O   conftest.c  >&5
configure:3202: $? = 0
configure:3250: result: yes
configure:3253: checking for C compiler default output file name
configure:3255: result: a.exe
configure:3261: checking for suffix of executables
configure:3268: x86_64-w64-mingw32-gcc -o conftest.exe -O   conftest.c  >&5
configure:3272: $? = 0
configure:3294: result: .exe
configure:3316: checking whether we are cross compiling
configure:3324: x86_64-w64-mingw32-gcc -o conftest.exe -O   conftest.c  >&5
configure:3328: $? = 0
configure:3335: ./conftest.exe
../configure: line 3337: ./conftest.exe: cannot execute binary file: Exec format error
configure:3339: $? = 126
configure:3354: result: yes
configure:3359: checking for suffix of object files
configure:3381: x86_64-w64-mingw32-gcc -c -O  conftest.c >&5
configure:3385: $? = 0
configure:3406: result: o
configure:3410: checking whether we are using the GNU C compiler
configure:3429: x86_64-w64-mingw32-gcc -c -O  conftest.c >&5
configure:3429: $? = 0
configure:3438: result: yes
configure:3447: checking whether x86_64-w64-mingw32-gcc accepts -g
configure:3467: x86_64-w64-mingw32-gcc -c -g  conftest.c >&5
configure:3467: $? = 0
configure:3508: result: yes
configure:3525: checking for x86_64-w64-mingw32-gcc option to accept ISO C89
configure:3588: x86_64-w64-mingw32-gcc  -c -O  conftest.c >&5
configure:3588: $? = 0
configure:3601: result: none needed
configure:3635: checking for x86_64-w64-mingw32-g++
configure:3651: found /usr/lib/ccache/x86_64-w64-mingw32-g++
configure:3662: result: x86_64-w64-mingw32-g++
configure:3733: checking for C++ compiler version
configure:3742: x86_64-w64-mingw32-g++ --version >&5
x86_64-w64-mingw32-g++ (GCC) 7.3-win32 20180312
Copyright (C) 2017 Free Software Foundation, Inc.
This is free software; see the source for copying conditions.  There is NO
warranty; not even for MERCHANTABILITY or FITNESS FOR A PARTICULAR PURPOSE.

configure:3753: $? = 0
configure:3742: x86_64-w64-mingw32-g++ -v >&5
Using built-in specs.
COLLECT_GCC=/usr/bin/x86_64-w64-mingw32-g++
COLLECT_LTO_WRAPPER=/usr/lib/gcc/x86_64-w64-mingw32/7.3-win32/lto-wrapper
Target: x86_64-w64-mingw32
Configured with: ../../src/configure --build=x86_64-linux-gnu --prefix=/usr --includedir='/usr/include' --mandir='/usr/share/man' --infodir='/usr/share/info' --sysconfdir=/etc --localstatedir=/var --disable-silent-rules --libdir='/usr/lib/x86_64-linux-gnu' --libexecdir='/usr/lib/x86_64-linux-gnu' --disable-maintainer-mode --disable-dependency-tracking --prefix=/usr --enable-shared --enable-static --disable-multilib --with-system-zlib --libexecdir=/usr/lib --without-included-gettext --libdir=/usr/lib --enable-libstdcxx-time=yes --with-tune=generic --with-headers=/usr/x86_64-w64-mingw32/include --enable-version-specific-runtime-libs --enable-fully-dynamic-string --enable-libgomp --enable-languages=c,c++,fortran,objc,obj-c++,ada --enable-lto --with-plugin-ld --enable-threads=win32 --program-suffix=-win32 --program-prefix=x86_64-w64-mingw32- --target=x86_64-w64-mingw32 --with-as=/usr/bin/x86_64-w64-mingw32-as --with-ld=/usr/bin/x86_64-w64-mingw32-ld --enable-libatomic --enable-libstdcxx-filesystem-ts=yes
Thread model: win32
gcc version 7.3-win32 20180312 (GCC) 
configure:3753: $? = 0
configure:3742: x86_64-w64-mingw32-g++ -V >&5
x86_64-w64-mingw32-g++: error: unrecognized command line option '-V'
x86_64-w64-mingw32-g++: fatal error: no input files
compilation terminated.
configure:3753: $? = 1
configure:3742: x86_64-w64-mingw32-g++ -qversion >&5
x86_64-w64-mingw32-g++: error: unrecognized command line option '-qversion'; did you mean '--version'?
x86_64-w64-mingw32-g++: fatal error: no input files
compilation terminated.
configure:3753: $? = 1
configure:3757: checking whether we are using the GNU C++ compiler
configure:3776: x86_64-w64-mingw32-g++ -c -O2  conftest.cpp >&5
configure:3776: $? = 0
configure:3785: result: yes
configure:3794: checking whether x86_64-w64-mingw32-g++ accepts -g
configure:3814: x86_64-w64-mingw32-g++ -c -g  conftest.cpp >&5
configure:3814: $? = 0
configure:3855: result: yes
configure:3883: checking how to run the C preprocessor
configure:3914: x86_64-w64-mingw32-gcc -E  conftest.c
configure:3914: $? = 0
configure:3928: x86_64-w64-mingw32-gcc -E  conftest.c
conftest.c:9:10: fatal error: ac_nonexistent.h: No such file or directory
 #include <ac_nonexistent.h>
          ^~~~~~~~~~~~~~~~~~
compilation terminated.
configure:3928: $? = 1
configure: failed program was:
| /* confdefs.h */
| #define PACKAGE_NAME "omniORB"
| #define PACKAGE_TARNAME "omniorb"
| #define PACKAGE_VERSION "4.2.3"
| #define PACKAGE_STRING "omniORB 4.2.3"
| #define PACKAGE_BUGREPORT "bugs@omniorb-support.com"
| #define PACKAGE_URL ""
| /* end confdefs.h.  */
| #include <ac_nonexistent.h>
configure:3953: result: x86_64-w64-mingw32-gcc -E
configure:3973: x86_64-w64-mingw32-gcc -E  conftest.c
configure:3973: $? = 0
configure:3987: x86_64-w64-mingw32-gcc -E  conftest.c
conftest.c:9:10: fatal error: ac_nonexistent.h: No such file or directory
 #include <ac_nonexistent.h>
          ^~~~~~~~~~~~~~~~~~
compilation terminated.
configure:3987: $? = 1
configure: failed program was:
| /* confdefs.h */
| #define PACKAGE_NAME "omniORB"
| #define PACKAGE_TARNAME "omniorb"
| #define PACKAGE_VERSION "4.2.3"
| #define PACKAGE_STRING "omniORB 4.2.3"
| #define PACKAGE_BUGREPORT "bugs@omniorb-support.com"
| #define PACKAGE_URL ""
| /* end confdefs.h.  */
| #include <ac_nonexistent.h>
configure:4018: checking for x86_64-w64-mingw32-ranlib
configure:4034: found /usr/bin/x86_64-w64-mingw32-ranlib
configure:4045: result: x86_64-w64-mingw32-ranlib
configure:4121: checking for a BSD-compatible install
configure:4189: result: /usr/bin/install -c
configure:4200: checking whether make sets $(MAKE)
configure:4222: result: yes
configure:4244: checking for python
configure:4262: found /usr/bin/python
configure:4274: result: /usr/bin/python
configure:4295: checking for python version
configure:4302: result: 2.7
configure:4314: checking for python platform
configure:4321: result: linux2
configure:4347: checking for python script directory
configure:4382: result: ${prefix}/lib/python2.7/dist-packages
configure:4391: checking for python extension module directory
configure:4426: result: ${exec_prefix}/lib/python2.7/dist-packages
configure:4442: checking for pkg-config
configure:4460: found /usr/bin/pkg-config
configure:4473: result: /usr/bin/pkg-config
configure:4487: checking for omniidl
configure:4518: result: no
configure:4527: error: cannot find omniidl on the path

## ---------------- ##
## Cache variables. ##
## ---------------- ##

ac_cv_build=x86_64-unknown-linux-gnu
ac_cv_c_compiler_gnu=yes
ac_cv_cxx_compiler_gnu=yes
ac_cv_env_CCC_set=
ac_cv_env_CCC_value=
ac_cv_env_CC_set=
ac_cv_env_CC_value=
ac_cv_env_CFLAGS_set=
ac_cv_env_CFLAGS_value=
ac_cv_env_CPPFLAGS_set=
ac_cv_env_CPPFLAGS_value=
ac_cv_env_CPP_set=
ac_cv_env_CPP_value=
ac_cv_env_CXXCPP_set=
ac_cv_env_CXXCPP_value=
ac_cv_env_CXXFLAGS_set=
ac_cv_env_CXXFLAGS_value=
ac_cv_env_CXX_set=
ac_cv_env_CXX_value=
ac_cv_env_LDFLAGS_set=
ac_cv_env_LDFLAGS_value=
ac_cv_env_LIBS_set=
ac_cv_env_LIBS_value=
ac_cv_env_OPENSSL_CFLAGS_set=
ac_cv_env_OPENSSL_CFLAGS_value=
ac_cv_env_OPENSSL_LIBS_set=
ac_cv_env_OPENSSL_LIBS_value=
ac_cv_env_PKG_CONFIG_LIBDIR_set=
ac_cv_env_PKG_CONFIG_LIBDIR_value=
ac_cv_env_PKG_CONFIG_PATH_set=
ac_cv_env_PKG_CONFIG_PATH_value=
ac_cv_env_PKG_CONFIG_set=
ac_cv_env_PKG_CONFIG_value=
ac_cv_env_PYTHON_set=
ac_cv_env_PYTHON_value=
ac_cv_env_build_alias_set=
ac_cv_env_build_alias_value=
ac_cv_env_host_alias_set=set
ac_cv_env_host_alias_value=x86_64-w64-mingw32
ac_cv_env_target_alias_set=
ac_cv_env_target_alias_value=
ac_cv_exeext=.exe
ac_cv_host=x86_64-w64-mingw32
ac_cv_objext=o
ac_cv_path_OMNIIDL=no
ac_cv_path_PKG_CONFIG=/usr/bin/pkg-config
ac_cv_path_PYTHON=/usr/bin/python
ac_cv_path_install='/usr/bin/install -c'
ac_cv_prog_CC=x86_64-w64-mingw32-gcc
ac_cv_prog_CPP='x86_64-w64-mingw32-gcc -E'
ac_cv_prog_CXX=x86_64-w64-mingw32-g++
ac_cv_prog_RANLIB=x86_64-w64-mingw32-ranlib
ac_cv_prog_cc_c89=
ac_cv_prog_cc_g=yes
ac_cv_prog_cxx_g=yes
ac_cv_prog_make_make_set=yes
am_cv_python_platform=linux2
am_cv_python_pyexecdir='${exec_prefix}/lib/python2.7/dist-packages'
am_cv_python_pythondir='${prefix}/lib/python2.7/dist-packages'
am_cv_python_version=2.7

## ----------------- ##
## Output variables. ##
## ----------------- ##

ALLOCA=''
CC='x86_64-w64-mingw32-gcc'
CFLAGS='-O'
COMPILER_NAME=''
CPP='x86_64-w64-mingw32-gcc -E'
CPPFLAGS=''
CROSS_COMPILING=''
CXX='x86_64-w64-mingw32-g++'
CXXCPP=''
CXXFLAGS='-O2'
DEFS=''
ECHO_C=''
ECHO_N='-n'
ECHO_T=''
EGREP=''
ENABLE_LONGDOUBLE=''
ENABLE_STATIC=''
ENABLE_ZIOP=''
EXEEXT='.exe'
EXTRA_GCC_CXXFLAGS=''
GREP=''
INSTALL_DATA='${INSTALL} -m 644'
INSTALL_PROGRAM='${INSTALL}'
INSTALL_SCRIPT='${INSTALL}'
LDFLAGS=''
LIBOBJS=''
LIBS=''
LTLIBOBJS=''
OBJEXT='o'
OMKDEPEND=''
OMNIIDL='no'
OMNINAMES_LOGDIR=''
OMNIORB_CONFIG=''
OMNI_USE_CFNETWORK_CONNECT=''
OPENSSL_CFLAGS=''
OPENSSL_LIBS=''
OPEN_SSL_CPPFLAGS=''
OPEN_SSL_LIB=''
OPEN_SSL_ROOT=''
OSVERSION=''
PACKAGE_BUGREPORT='bugs@omniorb-support.com'
PACKAGE_NAME='omniORB'
PACKAGE_STRING='omniORB 4.2.3'
PACKAGE_TARNAME='omniorb'
PACKAGE_URL=''
PACKAGE_VERSION='4.2.3'
PATH_SEPARATOR=':'
PKG_CONFIG='/usr/bin/pkg-config'
PKG_CONFIG_LIBDIR=''
PKG_CONFIG_PATH=''
PLATFORM_DEFINE=''
PLATFORM_NAME=''
PROCESSOR_DEFINE=''
PROCESSOR_NAME=''
PYTHON='/usr/bin/python'
PYTHON_EXEC_PREFIX='${exec_prefix}'
PYTHON_PLATFORM='linux2'
PYTHON_PREFIX='${prefix}'
PYTHON_VERSION='2.7'
RANLIB='x86_64-w64-mingw32-ranlib'
SET_MAKE=''
SHELL='/bin/bash'
ac_ct_CC=''
ac_ct_CXX=''
bindir='${exec_prefix}/bin'
build='x86_64-unknown-linux-gnu'
build_alias=''
build_cpu='x86_64'
build_os='linux-gnu'
build_vendor='unknown'
datadir='${datarootdir}'
datarootdir='${prefix}/share'
docdir='${datarootdir}/doc/${PACKAGE_TARNAME}'
dvidir='${docdir}'
exec_prefix='NONE'
host='x86_64-w64-mingw32'
host_alias='x86_64-w64-mingw32'
host_cpu='x86_64'
host_os='mingw32'
host_vendor='w64'
htmldir='${docdir}'
includedir='${prefix}/include'
infodir='${datarootdir}/info'
libdir='${exec_prefix}/lib'
libexecdir='${exec_prefix}/libexec'
localedir='${datarootdir}/locale'
localstatedir='${prefix}/var'
mandir='${datarootdir}/man'
oldincludedir='/usr/include'
pdfdir='${docdir}'
pkgpyexecdir='${pyexecdir}/'
pkgpythondir='${pythondir}/'
prefix='NONE'
program_transform_name='s,x,x,'
psdir='${docdir}'
pyexecdir='${exec_prefix}/lib/python2.7/dist-packages'
pythondir='${prefix}/lib/python2.7/dist-packages'
sbindir='${exec_prefix}/sbin'
sharedstatedir='${prefix}/com'
sysconfdir='${prefix}/etc'
target_alias=''

## ----------- ##
## confdefs.h. ##
## ----------- ##

/* confdefs.h */
#define PACKAGE_NAME "omniORB"
#define PACKAGE_TARNAME "omniorb"
#define PACKAGE_VERSION "4.2.3"
#define PACKAGE_STRING "omniORB 4.2.3"
#define PACKAGE_BUGREPORT "bugs@omniorb-support.com"
#define PACKAGE_URL ""

configure: exit 1
