This file contains any messages produced by compilers while
running configure, to aid debugging if configure makes a mistake.

It was created by omniORB configure 4.2.3, which was
generated by GNU Autoconf 2.69.  Invocation command line was

  $ ../configure 

## --------- ##
## Platform. ##
## --------- ##

hostname = sylem-System-Product-Name
uname -m = x86_64
uname -r = 5.3.0-28-generic
uname -s = Linux
uname -v = #30~18.04.1-Ubuntu SMP Fri Jan 17 06:14:09 UTC 2020

/usr/bin/uname -p = unknown
/bin/uname -X     = unknown

/bin/arch              = unknown
/usr/bin/arch -k       = unknown
/usr/convex/getsysinfo = unknown
/usr/bin/hostinfo      = unknown
/bin/machine           = unknown
/usr/bin/oslevel       = unknown
/bin/universe          = unknown

PATH: /home/sylem/local/bin
PATH: /usr/lib/ccache
PATH: /home/sylem/local/bin
PATH: /home/sylem/.local/bin
PATH: /home/sylem/bin
PATH: /home/sylem/.local/bin
PATH: /home/sylem/local/bin
PATH: /usr/lib/ccache
PATH: /home/sylem/local/bin
PATH: /home/sylem/.local/bin
PATH: /usr/local/sbin
PATH: /usr/local/bin
PATH: /usr/sbin
PATH: /usr/bin
PATH: /sbin
PATH: /bin
PATH: /usr/games
PATH: /usr/local/games
PATH: /snap/bin
PATH: .
PATH: /opt/local/libexec/ccache
PATH: /opt/local/bin
PATH: /opt/bin
PATH: /opt/local/sbin
PATH: /usr/local/bin
PATH: /usr/bin
PATH: /usr/sbin
PATH: /sbin
PATH: /bin
PATH: /home/linuxbrew/.linuxbrew/bin/
PATH: .
PATH: /opt/local/libexec/ccache
PATH: /opt/local/bin
PATH: /opt/bin
PATH: /opt/local/sbin
PATH: /usr/local/bin
PATH: /usr/bin
PATH: /usr/sbin
PATH: /sbin
PATH: /bin
PATH: /home/linuxbrew/.linuxbrew/bin/


## ----------- ##
## Core tests. ##
## ----------- ##

configure:2748: checking build system type
configure:2762: result: x86_64-unknown-linux-gnu
configure:2782: checking host system type
configure:2795: result: x86_64-unknown-linux-gnu
configure:2880: checking for gcc
configure:2896: found /usr/lib/ccache/gcc
configure:2907: result: gcc
configure:3136: checking for C compiler version
configure:3145: gcc --version >&5
gcc (Ubuntu 7.4.0-1ubuntu1~18.04.1) 7.4.0
Copyright (C) 2017 Free Software Foundation, Inc.
This is free software; see the source for copying conditions.  There is NO
warranty; not even for MERCHANTABILITY or FITNESS FOR A PARTICULAR PURPOSE.

configure:3156: $? = 0
configure:3145: gcc -v >&5
Using built-in specs.
COLLECT_GCC=/usr/bin/gcc
COLLECT_LTO_WRAPPER=/usr/lib/gcc/x86_64-linux-gnu/7/lto-wrapper
OFFLOAD_TARGET_NAMES=nvptx-none
OFFLOAD_TARGET_DEFAULT=1
Target: x86_64-linux-gnu
Configured with: ../src/configure -v --with-pkgversion='Ubuntu 7.4.0-1ubuntu1~18.04.1' --with-bugurl=file:///usr/share/doc/gcc-7/README.Bugs --enable-languages=c,ada,c++,go,brig,d,fortran,objc,obj-c++ --prefix=/usr --with-gcc-major-version-only --program-suffix=-7 --program-prefix=x86_64-linux-gnu- --enable-shared --enable-linker-build-id --libexecdir=/usr/lib --without-included-gettext --enable-threads=posix --libdir=/usr/lib --enable-nls --with-sysroot=/ --enable-clocale=gnu --enable-libstdcxx-debug --enable-libstdcxx-time=yes --with-default-libstdcxx-abi=new --enable-gnu-unique-object --disable-vtable-verify --enable-libmpx --enable-plugin --enable-default-pie --with-system-zlib --with-target-system-zlib --enable-objc-gc=auto --enable-multiarch --disable-werror --with-arch-32=i686 --with-abi=m64 --with-multilib-list=m32,m64,mx32 --enable-multilib --with-tune=generic --enable-offload-targets=nvptx-none --without-cuda-driver --enable-checking=release --build=x86_64-linux-gnu --host=x86_64-linux-gnu --target=x86_64-linux-gnu
Thread model: posix
gcc version 7.4.0 (Ubuntu 7.4.0-1ubuntu1~18.04.1) 
configure:3156: $? = 0
configure:3145: gcc -V >&5
gcc: error: unrecognized command line option '-V'
gcc: fatal error: no input files
compilation terminated.
configure:3156: $? = 1
configure:3145: gcc -qversion >&5
gcc: error: unrecognized command line option '-qversion'; did you mean '--version'?
gcc: fatal error: no input files
compilation terminated.
configure:3156: $? = 1
configure:3176: checking whether the C compiler works
configure:3198: gcc -O   conftest.c  >&5
configure:3202: $? = 0
configure:3250: result: yes
configure:3253: checking for C compiler default output file name
configure:3255: result: a.out
configure:3261: checking for suffix of executables
configure:3268: gcc -o conftest -O   conftest.c  >&5
configure:3272: $? = 0
configure:3294: result: 
configure:3316: checking whether we are cross compiling
configure:3324: gcc -o conftest -O   conftest.c  >&5
configure:3328: $? = 0
configure:3335: ./conftest
configure:3339: $? = 0
configure:3354: result: no
configure:3359: checking for suffix of object files
configure:3381: gcc -c -O  conftest.c >&5
configure:3385: $? = 0
configure:3406: result: o
configure:3410: checking whether we are using the GNU C compiler
configure:3429: gcc -c -O  conftest.c >&5
configure:3429: $? = 0
configure:3438: result: yes
configure:3447: checking whether gcc accepts -g
configure:3467: gcc -c -g  conftest.c >&5
configure:3467: $? = 0
configure:3508: result: yes
configure:3525: checking for gcc option to accept ISO C89
configure:3588: gcc  -c -O  conftest.c >&5
configure:3588: $? = 0
configure:3601: result: none needed
configure:3679: checking for g++
configure:3695: found /usr/lib/ccache/g++
configure:3706: result: g++
configure:3733: checking for C++ compiler version
configure:3742: g++ --version >&5
g++ (Ubuntu 7.4.0-1ubuntu1~18.04.1) 7.4.0
Copyright (C) 2017 Free Software Foundation, Inc.
This is free software; see the source for copying conditions.  There is NO
warranty; not even for MERCHANTABILITY or FITNESS FOR A PARTICULAR PURPOSE.

configure:3753: $? = 0
configure:3742: g++ -v >&5
Using built-in specs.
COLLECT_GCC=/usr/bin/g++
COLLECT_LTO_WRAPPER=/usr/lib/gcc/x86_64-linux-gnu/7/lto-wrapper
OFFLOAD_TARGET_NAMES=nvptx-none
OFFLOAD_TARGET_DEFAULT=1
Target: x86_64-linux-gnu
Configured with: ../src/configure -v --with-pkgversion='Ubuntu 7.4.0-1ubuntu1~18.04.1' --with-bugurl=file:///usr/share/doc/gcc-7/README.Bugs --enable-languages=c,ada,c++,go,brig,d,fortran,objc,obj-c++ --prefix=/usr --with-gcc-major-version-only --program-suffix=-7 --program-prefix=x86_64-linux-gnu- --enable-shared --enable-linker-build-id --libexecdir=/usr/lib --without-included-gettext --enable-threads=posix --libdir=/usr/lib --enable-nls --with-sysroot=/ --enable-clocale=gnu --enable-libstdcxx-debug --enable-libstdcxx-time=yes --with-default-libstdcxx-abi=new --enable-gnu-unique-object --disable-vtable-verify --enable-libmpx --enable-plugin --enable-default-pie --with-system-zlib --with-target-system-zlib --enable-objc-gc=auto --enable-multiarch --disable-werror --with-arch-32=i686 --with-abi=m64 --with-multilib-list=m32,m64,mx32 --enable-multilib --with-tune=generic --enable-offload-targets=nvptx-none --without-cuda-driver --enable-checking=release --build=x86_64-linux-gnu --host=x86_64-linux-gnu --target=x86_64-linux-gnu
Thread model: posix
gcc version 7.4.0 (Ubuntu 7.4.0-1ubuntu1~18.04.1) 
configure:3753: $? = 0
configure:3742: g++ -V >&5
g++: error: unrecognized command line option '-V'
g++: fatal error: no input files
compilation terminated.
configure:3753: $? = 1
configure:3742: g++ -qversion >&5
g++: error: unrecognized command line option '-qversion'; did you mean '--version'?
g++: fatal error: no input files
compilation terminated.
configure:3753: $? = 1
configure:3757: checking whether we are using the GNU C++ compiler
configure:3776: g++ -c -O2  conftest.cpp >&5
configure:3776: $? = 0
configure:3785: result: yes
configure:3794: checking whether g++ accepts -g
configure:3814: g++ -c -g  conftest.cpp >&5
configure:3814: $? = 0
configure:3855: result: yes
configure:3883: checking how to run the C preprocessor
configure:3914: gcc -E  conftest.c
configure:3914: $? = 0
configure:3928: gcc -E  conftest.c
conftest.c:9:10: fatal error: ac_nonexistent.h: No such file or directory
 #include <ac_nonexistent.h>
          ^~~~~~~~~~~~~~~~~~
compilation terminated.
configure:3928: $? = 1
configure: failed program was:
| /* confdefs.h */
| #define PACKAGE_NAME "omniORB"
| #define PACKAGE_TARNAME "omniorb"
| #define PACKAGE_VERSION "4.2.3"
| #define PACKAGE_STRING "omniORB 4.2.3"
| #define PACKAGE_BUGREPORT "bugs@omniorb-support.com"
| #define PACKAGE_URL ""
| /* end confdefs.h.  */
| #include <ac_nonexistent.h>
configure:3953: result: gcc -E
configure:3973: gcc -E  conftest.c
configure:3973: $? = 0
configure:3987: gcc -E  conftest.c
conftest.c:9:10: fatal error: ac_nonexistent.h: No such file or directory
 #include <ac_nonexistent.h>
          ^~~~~~~~~~~~~~~~~~
compilation terminated.
configure:3987: $? = 1
configure: failed program was:
| /* confdefs.h */
| #define PACKAGE_NAME "omniORB"
| #define PACKAGE_TARNAME "omniorb"
| #define PACKAGE_VERSION "4.2.3"
| #define PACKAGE_STRING "omniORB 4.2.3"
| #define PACKAGE_BUGREPORT "bugs@omniorb-support.com"
| #define PACKAGE_URL ""
| /* end confdefs.h.  */
| #include <ac_nonexistent.h>
configure:4058: checking for ranlib
configure:4074: found /usr/bin/ranlib
configure:4085: result: ranlib
configure:4121: checking for a BSD-compatible install
configure:4189: result: /usr/bin/install -c
configure:4200: checking whether make sets $(MAKE)
configure:4222: result: yes
configure:4244: checking for python
configure:4262: found /usr/bin/python
configure:4274: result: /usr/bin/python
configure:4295: checking for python version
configure:4302: result: 2.7
configure:4314: checking for python platform
configure:4321: result: linux2
configure:4347: checking for python script directory
configure:4382: result: ${prefix}/lib/python2.7/dist-packages
configure:4391: checking for python extension module directory
configure:4426: result: ${exec_prefix}/lib/python2.7/dist-packages
configure:4442: checking for pkg-config
configure:4460: found /usr/bin/pkg-config
configure:4473: result: /usr/bin/pkg-config
configure:4699: checking pkg-config is at least version 0.9.0
configure:4702: result: yes
configure:4710: checking for OpenSSL root
configure:4725: result: no
configure:4890: checking how to run the C++ preprocessor
configure:4917: g++ -E  conftest.cpp
configure:4917: $? = 0
configure:4931: g++ -E  conftest.cpp
conftest.cpp:9:10: fatal error: ac_nonexistent.h: No such file or directory
 #include <ac_nonexistent.h>
          ^~~~~~~~~~~~~~~~~~
compilation terminated.
configure:4931: $? = 1
configure: failed program was:
| /* confdefs.h */
| #define PACKAGE_NAME "omniORB"
| #define PACKAGE_TARNAME "omniorb"
| #define PACKAGE_VERSION "4.2.3"
| #define PACKAGE_STRING "omniORB 4.2.3"
| #define PACKAGE_BUGREPORT "bugs@omniorb-support.com"
| #define PACKAGE_URL ""
| /* end confdefs.h.  */
| #include <ac_nonexistent.h>
configure:4956: result: g++ -E
configure:4976: g++ -E  conftest.cpp
configure:4976: $? = 0
configure:4990: g++ -E  conftest.cpp
conftest.cpp:9:10: fatal error: ac_nonexistent.h: No such file or directory
 #include <ac_nonexistent.h>
          ^~~~~~~~~~~~~~~~~~
compilation terminated.
configure:4990: $? = 1
configure: failed program was:
| /* confdefs.h */
| #define PACKAGE_NAME "omniORB"
| #define PACKAGE_TARNAME "omniorb"
| #define PACKAGE_VERSION "4.2.3"
| #define PACKAGE_STRING "omniORB 4.2.3"
| #define PACKAGE_BUGREPORT "bugs@omniorb-support.com"
| #define PACKAGE_URL ""
| /* end confdefs.h.  */
| #include <ac_nonexistent.h>
configure:5019: checking for grep that handles long lines and -e
configure:5077: result: /bin/grep
configure:5082: checking for egrep
configure:5144: result: /bin/grep -E
configure:5149: checking for ANSI C header files
configure:5169: g++ -c -O2  conftest.cpp >&5
configure:5169: $? = 0
configure:5242: g++ -o conftest -O2   conftest.cpp  >&5
configure:5242: $? = 0
configure:5242: ./conftest
configure:5242: $? = 0
configure:5253: result: yes
configure:5266: checking for sys/types.h
configure:5266: g++ -c -O2  conftest.cpp >&5
configure:5266: $? = 0
configure:5266: result: yes
configure:5266: checking for sys/stat.h
configure:5266: g++ -c -O2  conftest.cpp >&5
configure:5266: $? = 0
configure:5266: result: yes
configure:5266: checking for stdlib.h
configure:5266: g++ -c -O2  conftest.cpp >&5
configure:5266: $? = 0
configure:5266: result: yes
configure:5266: checking for string.h
configure:5266: g++ -c -O2  conftest.cpp >&5
configure:5266: $? = 0
configure:5266: result: yes
configure:5266: checking for memory.h
configure:5266: g++ -c -O2  conftest.cpp >&5
configure:5266: $? = 0
configure:5266: result: yes
configure:5266: checking for strings.h
configure:5266: g++ -c -O2  conftest.cpp >&5
configure:5266: $? = 0
configure:5266: result: yes
configure:5266: checking for inttypes.h
configure:5266: g++ -c -O2  conftest.cpp >&5
configure:5266: $? = 0
configure:5266: result: yes
configure:5266: checking for stdint.h
configure:5266: g++ -c -O2  conftest.cpp >&5
configure:5266: $? = 0
configure:5266: result: yes
configure:5266: checking for unistd.h
configure:5266: g++ -c -O2  conftest.cpp >&5
configure:5266: $? = 0
configure:5266: result: yes
configure:5281: checking errno.h usability
configure:5281: g++ -c -O2  conftest.cpp >&5
configure:5281: $? = 0
configure:5281: result: yes
configure:5281: checking errno.h presence
configure:5281: g++ -E  conftest.cpp
configure:5281: $? = 0
configure:5281: result: yes
configure:5281: checking for errno.h
configure:5281: result: yes
configure:5281: checking fcntl.h usability
configure:5281: g++ -c -O2  conftest.cpp >&5
configure:5281: $? = 0
configure:5281: result: yes
configure:5281: checking fcntl.h presence
configure:5281: g++ -E  conftest.cpp
configure:5281: $? = 0
configure:5281: result: yes
configure:5281: checking for fcntl.h
configure:5281: result: yes
configure:5281: checking netdb.h usability
configure:5281: g++ -c -O2  conftest.cpp >&5
configure:5281: $? = 0
configure:5281: result: yes
configure:5281: checking netdb.h presence
configure:5281: g++ -E  conftest.cpp
configure:5281: $? = 0
configure:5281: result: yes
configure:5281: checking for netdb.h
configure:5281: result: yes
configure:5281: checking signal.h usability
configure:5281: g++ -c -O2  conftest.cpp >&5
configure:5281: $? = 0
configure:5281: result: yes
configure:5281: checking signal.h presence
configure:5281: g++ -E  conftest.cpp
configure:5281: $? = 0
configure:5281: result: yes
configure:5281: checking for signal.h
configure:5281: result: yes
configure:5281: checking for stdlib.h
configure:5281: result: yes
configure:5281: checking for string.h
configure:5281: result: yes
configure:5281: checking for strings.h
configure:5281: result: yes
configure:5294: checking for unistd.h
configure:5294: result: yes
configure:5294: checking nan.h usability
configure:5294: g++ -c -O2  conftest.cpp >&5
conftest.cpp:60:10: fatal error: nan.h: No such file or directory
 #include <nan.h>
          ^~~~~~~
compilation terminated.
configure:5294: $? = 1
configure: failed program was:
| /* confdefs.h */
| #define PACKAGE_NAME "omniORB"
| #define PACKAGE_TARNAME "omniorb"
| #define PACKAGE_VERSION "4.2.3"
| #define PACKAGE_STRING "omniORB 4.2.3"
| #define PACKAGE_BUGREPORT "bugs@omniorb-support.com"
| #define PACKAGE_URL ""
| #define STDC_HEADERS 1
| #define HAVE_SYS_TYPES_H 1
| #define HAVE_SYS_STAT_H 1
| #define HAVE_STDLIB_H 1
| #define HAVE_STRING_H 1
| #define HAVE_MEMORY_H 1
| #define HAVE_STRINGS_H 1
| #define HAVE_INTTYPES_H 1
| #define HAVE_STDINT_H 1
| #define HAVE_UNISTD_H 1
| #define HAVE_ERRNO_H 1
| #define HAVE_FCNTL_H 1
| #define HAVE_NETDB_H 1
| #define HAVE_SIGNAL_H 1
| #define HAVE_STDLIB_H 1
| #define HAVE_STRING_H 1
| #define HAVE_STRINGS_H 1
| #define HAVE_UNISTD_H 1
| /* end confdefs.h.  */
| #include <stdio.h>
| #ifdef HAVE_SYS_TYPES_H
| # include <sys/types.h>
| #endif
| #ifdef HAVE_SYS_STAT_H
| # include <sys/stat.h>
| #endif
| #ifdef STDC_HEADERS
| # include <stdlib.h>
| # include <stddef.h>
| #else
| # ifdef HAVE_STDLIB_H
| #  include <stdlib.h>
| # endif
| #endif
| #ifdef HAVE_STRING_H
| # if !defined STDC_HEADERS && defined HAVE_MEMORY_H
| #  include <memory.h>
| # endif
| # include <string.h>
| #endif
| #ifdef HAVE_STRINGS_H
| # include <strings.h>
| #endif
| #ifdef HAVE_INTTYPES_H
| # include <inttypes.h>
| #endif
| #ifdef HAVE_STDINT_H
| # include <stdint.h>
| #endif
| #ifdef HAVE_UNISTD_H
| # include <unistd.h>
| #endif
| #include <nan.h>
configure:5294: result: no
configure:5294: checking nan.h presence
configure:5294: g++ -E  conftest.cpp
conftest.cpp:27:10: fatal error: nan.h: No such file or directory
 #include <nan.h>
          ^~~~~~~
compilation terminated.
configure:5294: $? = 1
configure: failed program was:
| /* confdefs.h */
| #define PACKAGE_NAME "omniORB"
| #define PACKAGE_TARNAME "omniorb"
| #define PACKAGE_VERSION "4.2.3"
| #define PACKAGE_STRING "omniORB 4.2.3"
| #define PACKAGE_BUGREPORT "bugs@omniorb-support.com"
| #define PACKAGE_URL ""
| #define STDC_HEADERS 1
| #define HAVE_SYS_TYPES_H 1
| #define HAVE_SYS_STAT_H 1
| #define HAVE_STDLIB_H 1
| #define HAVE_STRING_H 1
| #define HAVE_MEMORY_H 1
| #define HAVE_STRINGS_H 1
| #define HAVE_INTTYPES_H 1
| #define HAVE_STDINT_H 1
| #define HAVE_UNISTD_H 1
| #define HAVE_ERRNO_H 1
| #define HAVE_FCNTL_H 1
| #define HAVE_NETDB_H 1
| #define HAVE_SIGNAL_H 1
| #define HAVE_STDLIB_H 1
| #define HAVE_STRING_H 1
| #define HAVE_STRINGS_H 1
| #define HAVE_UNISTD_H 1
| /* end confdefs.h.  */
| #include <nan.h>
configure:5294: result: no
configure:5294: checking for nan.h
configure:5294: result: no
configure:5294: checking sys/if.h usability
configure:5294: g++ -c -O2  conftest.cpp >&5
conftest.cpp:60:10: fatal error: sys/if.h: No such file or directory
 #include <sys/if.h>
          ^~~~~~~~~~
compilation terminated.
configure:5294: $? = 1
configure: failed program was:
| /* confdefs.h */
| #define PACKAGE_NAME "omniORB"
| #define PACKAGE_TARNAME "omniorb"
| #define PACKAGE_VERSION "4.2.3"
| #define PACKAGE_STRING "omniORB 4.2.3"
| #define PACKAGE_BUGREPORT "bugs@omniorb-support.com"
| #define PACKAGE_URL ""
| #define STDC_HEADERS 1
| #define HAVE_SYS_TYPES_H 1
| #define HAVE_SYS_STAT_H 1
| #define HAVE_STDLIB_H 1
| #define HAVE_STRING_H 1
| #define HAVE_MEMORY_H 1
| #define HAVE_STRINGS_H 1
| #define HAVE_INTTYPES_H 1
| #define HAVE_STDINT_H 1
| #define HAVE_UNISTD_H 1
| #define HAVE_ERRNO_H 1
| #define HAVE_FCNTL_H 1
| #define HAVE_NETDB_H 1
| #define HAVE_SIGNAL_H 1
| #define HAVE_STDLIB_H 1
| #define HAVE_STRING_H 1
| #define HAVE_STRINGS_H 1
| #define HAVE_UNISTD_H 1
| /* end confdefs.h.  */
| #include <stdio.h>
| #ifdef HAVE_SYS_TYPES_H
| # include <sys/types.h>
| #endif
| #ifdef HAVE_SYS_STAT_H
| # include <sys/stat.h>
| #endif
| #ifdef STDC_HEADERS
| # include <stdlib.h>
| # include <stddef.h>
| #else
| # ifdef HAVE_STDLIB_H
| #  include <stdlib.h>
| # endif
| #endif
| #ifdef HAVE_STRING_H
| # if !defined STDC_HEADERS && defined HAVE_MEMORY_H
| #  include <memory.h>
| # endif
| # include <string.h>
| #endif
| #ifdef HAVE_STRINGS_H
| # include <strings.h>
| #endif
| #ifdef HAVE_INTTYPES_H
| # include <inttypes.h>
| #endif
| #ifdef HAVE_STDINT_H
| # include <stdint.h>
| #endif
| #ifdef HAVE_UNISTD_H
| # include <unistd.h>
| #endif
| #include <sys/if.h>
configure:5294: result: no
configure:5294: checking sys/if.h presence
configure:5294: g++ -E  conftest.cpp
conftest.cpp:27:10: fatal error: sys/if.h: No such file or directory
 #include <sys/if.h>
          ^~~~~~~~~~
compilation terminated.
configure:5294: $? = 1
configure: failed program was:
| /* confdefs.h */
| #define PACKAGE_NAME "omniORB"
| #define PACKAGE_TARNAME "omniorb"
| #define PACKAGE_VERSION "4.2.3"
| #define PACKAGE_STRING "omniORB 4.2.3"
| #define PACKAGE_BUGREPORT "bugs@omniorb-support.com"
| #define PACKAGE_URL ""
| #define STDC_HEADERS 1
| #define HAVE_SYS_TYPES_H 1
| #define HAVE_SYS_STAT_H 1
| #define HAVE_STDLIB_H 1
| #define HAVE_STRING_H 1
| #define HAVE_MEMORY_H 1
| #define HAVE_STRINGS_H 1
| #define HAVE_INTTYPES_H 1
| #define HAVE_STDINT_H 1
| #define HAVE_UNISTD_H 1
| #define HAVE_ERRNO_H 1
| #define HAVE_FCNTL_H 1
| #define HAVE_NETDB_H 1
| #define HAVE_SIGNAL_H 1
| #define HAVE_STDLIB_H 1
| #define HAVE_STRING_H 1
| #define HAVE_STRINGS_H 1
| #define HAVE_UNISTD_H 1
| /* end confdefs.h.  */
| #include <sys/if.h>
configure:5294: result: no
configure:5294: checking for sys/if.h
configure:5294: result: no
configure:5294: checking sys/ioctl.h usability
configure:5294: g++ -c -O2  conftest.cpp >&5
configure:5294: $? = 0
configure:5294: result: yes
configure:5294: checking sys/ioctl.h presence
configure:5294: g++ -E  conftest.cpp
configure:5294: $? = 0
configure:5294: result: yes
configure:5294: checking for sys/ioctl.h
configure:5294: result: yes
configure:5294: checking sys/param.h usability
configure:5294: g++ -c -O2  conftest.cpp >&5
configure:5294: $? = 0
configure:5294: result: yes
configure:5294: checking sys/param.h presence
configure:5294: g++ -E  conftest.cpp
configure:5294: $? = 0
configure:5294: result: yes
configure:5294: checking for sys/param.h
configure:5294: result: yes
configure:5294: checking sys/time.h usability
configure:5294: g++ -c -O2  conftest.cpp >&5
configure:5294: $? = 0
configure:5294: result: yes
configure:5294: checking sys/time.h presence
configure:5294: g++ -E  conftest.cpp
configure:5294: $? = 0
configure:5294: result: yes
configure:5294: checking for sys/time.h
configure:5294: result: yes
configure:5307: checking sys/poll.h usability
configure:5307: g++ -c -O2  conftest.cpp >&5
configure:5307: $? = 0
configure:5307: result: yes
configure:5307: checking sys/poll.h presence
configure:5307: g++ -E  conftest.cpp
configure:5307: $? = 0
configure:5307: result: yes
configure:5307: checking for sys/poll.h
configure:5307: result: yes
configure:5307: checking ifaddrs.h usability
configure:5307: g++ -c -O2  conftest.cpp >&5
configure:5307: $? = 0
configure:5307: result: yes
configure:5307: checking ifaddrs.h presence
configure:5307: g++ -E  conftest.cpp
configure:5307: $? = 0
configure:5307: result: yes
configure:5307: checking for ifaddrs.h
configure:5307: result: yes
configure:5317: checking whether time.h and sys/time.h may both be included
configure:5337: g++ -c -O2  conftest.cpp >&5
configure:5337: $? = 0
configure:5344: result: yes
configure:5355: checking whether byte ordering is bigendian
configure:5370: g++ -c -O2  conftest.cpp >&5
conftest.cpp:34:9: error: expected unqualified-id before 'not' token
         not a universal capable compiler
         ^~~
configure:5370: $? = 1
configure: failed program was:
| /* confdefs.h */
| #define PACKAGE_NAME "omniORB"
| #define PACKAGE_TARNAME "omniorb"
| #define PACKAGE_VERSION "4.2.3"
| #define PACKAGE_STRING "omniORB 4.2.3"
| #define PACKAGE_BUGREPORT "bugs@omniorb-support.com"
| #define PACKAGE_URL ""
| #define STDC_HEADERS 1
| #define HAVE_SYS_TYPES_H 1
| #define HAVE_SYS_STAT_H 1
| #define HAVE_STDLIB_H 1
| #define HAVE_STRING_H 1
| #define HAVE_MEMORY_H 1
| #define HAVE_STRINGS_H 1
| #define HAVE_INTTYPES_H 1
| #define HAVE_STDINT_H 1
| #define HAVE_UNISTD_H 1
| #define HAVE_ERRNO_H 1
| #define HAVE_FCNTL_H 1
| #define HAVE_NETDB_H 1
| #define HAVE_SIGNAL_H 1
| #define HAVE_STDLIB_H 1
| #define HAVE_STRING_H 1
| #define HAVE_STRINGS_H 1
| #define HAVE_UNISTD_H 1
| #define HAVE_SYS_IOCTL_H 1
| #define HAVE_SYS_PARAM_H 1
| #define HAVE_SYS_TIME_H 1
| #define HAVE_SYS_POLL_H 1
| #define HAVE_IFADDRS_H 1
| #define TIME_WITH_SYS_TIME 1
| /* end confdefs.h.  */
| #ifndef __APPLE_CC__
| 	       not a universal capable compiler
| 	     #endif
| 	     typedef int dummy;
| 
configure:5415: g++ -c -O2  conftest.cpp >&5
configure:5415: $? = 0
configure:5433: g++ -c -O2  conftest.cpp >&5
conftest.cpp: In function 'int main()':
conftest.cpp:40:8: error: 'big' was not declared in this scope
    not big endian
        ^~~
configure:5433: $? = 1
configure: failed program was:
| /* confdefs.h */
| #define PACKAGE_NAME "omniORB"
| #define PACKAGE_TARNAME "omniorb"
| #define PACKAGE_VERSION "4.2.3"
| #define PACKAGE_STRING "omniORB 4.2.3"
| #define PACKAGE_BUGREPORT "bugs@omniorb-support.com"
| #define PACKAGE_URL ""
| #define STDC_HEADERS 1
| #define HAVE_SYS_TYPES_H 1
| #define HAVE_SYS_STAT_H 1
| #define HAVE_STDLIB_H 1
| #define HAVE_STRING_H 1
| #define HAVE_MEMORY_H 1
| #define HAVE_STRINGS_H 1
| #define HAVE_INTTYPES_H 1
| #define HAVE_STDINT_H 1
| #define HAVE_UNISTD_H 1
| #define HAVE_ERRNO_H 1
| #define HAVE_FCNTL_H 1
| #define HAVE_NETDB_H 1
| #define HAVE_SIGNAL_H 1
| #define HAVE_STDLIB_H 1
| #define HAVE_STRING_H 1
| #define HAVE_STRINGS_H 1
| #define HAVE_UNISTD_H 1
| #define HAVE_SYS_IOCTL_H 1
| #define HAVE_SYS_PARAM_H 1
| #define HAVE_SYS_TIME_H 1
| #define HAVE_SYS_POLL_H 1
| #define HAVE_IFADDRS_H 1
| #define TIME_WITH_SYS_TIME 1
| /* end confdefs.h.  */
| #include <sys/types.h>
| 		#include <sys/param.h>
| 
| int
| main ()
| {
| #if BYTE_ORDER != BIG_ENDIAN
| 		 not big endian
| 		#endif
| 
|   ;
|   return 0;
| }
configure:5561: result: no
configure:5583: checking size of char
configure:5588: g++ -o conftest -O2   conftest.cpp  >&5
configure:5588: $? = 0
configure:5588: ./conftest
configure:5588: $? = 0
configure:5602: result: 1
configure:5616: checking size of unsigned char
configure:5621: g++ -o conftest -O2   conftest.cpp  >&5
configure:5621: $? = 0
configure:5621: ./conftest
configure:5621: $? = 0
configure:5635: result: 1
configure:5649: checking size of bool
configure:5654: g++ -o conftest -O2   conftest.cpp  >&5
configure:5654: $? = 0
configure:5654: ./conftest
configure:5654: $? = 0
configure:5668: result: 1
configure:5682: checking size of short
configure:5687: g++ -o conftest -O2   conftest.cpp  >&5
configure:5687: $? = 0
configure:5687: ./conftest
configure:5687: $? = 0
configure:5701: result: 2
configure:5715: checking size of int
configure:5720: g++ -o conftest -O2   conftest.cpp  >&5
configure:5720: $? = 0
configure:5720: ./conftest
configure:5720: $? = 0
configure:5734: result: 4
configure:5748: checking size of long
configure:5753: g++ -o conftest -O2   conftest.cpp  >&5
configure:5753: $? = 0
configure:5753: ./conftest
configure:5753: $? = 0
configure:5767: result: 8
configure:5781: checking size of long long
configure:5786: g++ -o conftest -O2   conftest.cpp  >&5
configure:5786: $? = 0
configure:5786: ./conftest
configure:5786: $? = 0
configure:5800: result: 8
configure:5814: checking size of float
configure:5819: g++ -o conftest -O2   conftest.cpp  >&5
configure:5819: $? = 0
configure:5819: ./conftest
configure:5819: $? = 0
configure:5833: result: 4
configure:5847: checking size of double
configure:5852: g++ -o conftest -O2   conftest.cpp  >&5
configure:5852: $? = 0
configure:5852: ./conftest
configure:5852: $? = 0
configure:5866: result: 8
configure:5880: checking size of long double
configure:5885: g++ -o conftest -O2   conftest.cpp  >&5
configure:5885: $? = 0
configure:5885: ./conftest
configure:5885: $? = 0
configure:5899: result: 16
configure:5913: checking size of wchar_t
configure:5918: g++ -o conftest -O2   conftest.cpp  >&5
configure:5918: $? = 0
configure:5918: ./conftest
configure:5918: $? = 0
configure:5932: result: 4
configure:5946: checking size of void*
configure:5951: g++ -o conftest -O2   conftest.cpp  >&5
configure:5951: $? = 0
configure:5951: ./conftest
configure:5951: $? = 0
configure:5965: result: 8
configure:5978: checking for struct sockaddr_in6
configure:5978: g++ -c -O2  conftest.cpp >&5
configure:5978: $? = 0
configure:5978: g++ -c -O2  conftest.cpp >&5
conftest.cpp: In function 'int main()':
conftest.cpp:53:14: error: expected primary-expression before 'struct'
 if (sizeof ((struct sockaddr_in6)))
              ^~~~~~
conftest.cpp:53:14: error: expected ')' before 'struct'
conftest.cpp:54:14: error: expected ')' before ';' token
      return 0;
              ^
conftest.cpp:54:14: error: expected ')' before ';' token
configure:5978: $? = 1
configure: failed program was:
| /* confdefs.h */
| #define PACKAGE_NAME "omniORB"
| #define PACKAGE_TARNAME "omniorb"
| #define PACKAGE_VERSION "4.2.3"
| #define PACKAGE_STRING "omniORB 4.2.3"
| #define PACKAGE_BUGREPORT "bugs@omniorb-support.com"
| #define PACKAGE_URL ""
| #define STDC_HEADERS 1
| #define HAVE_SYS_TYPES_H 1
| #define HAVE_SYS_STAT_H 1
| #define HAVE_STDLIB_H 1
| #define HAVE_STRING_H 1
| #define HAVE_MEMORY_H 1
| #define HAVE_STRINGS_H 1
| #define HAVE_INTTYPES_H 1
| #define HAVE_STDINT_H 1
| #define HAVE_UNISTD_H 1
| #define HAVE_ERRNO_H 1
| #define HAVE_FCNTL_H 1
| #define HAVE_NETDB_H 1
| #define HAVE_SIGNAL_H 1
| #define HAVE_STDLIB_H 1
| #define HAVE_STRING_H 1
| #define HAVE_STRINGS_H 1
| #define HAVE_UNISTD_H 1
| #define HAVE_SYS_IOCTL_H 1
| #define HAVE_SYS_PARAM_H 1
| #define HAVE_SYS_TIME_H 1
| #define HAVE_SYS_POLL_H 1
| #define HAVE_IFADDRS_H 1
| #define TIME_WITH_SYS_TIME 1
| #define SIZEOF_CHAR 1
| #define SIZEOF_UNSIGNED_CHAR 1
| #define SIZEOF_BOOL 1
| #define SIZEOF_SHORT 2
| #define SIZEOF_INT 4
| #define SIZEOF_LONG 8
| #define SIZEOF_LONG_LONG 8
| #define SIZEOF_FLOAT 4
| #define SIZEOF_DOUBLE 8
| #define SIZEOF_LONG_DOUBLE 16
| #define SIZEOF_WCHAR_T 4
| #define SIZEOF_VOIDP 8
| /* end confdefs.h.  */
| #include <sys/types.h>
| #include <sys/socket.h>
| #include <net/if.h>
| #include <netinet/in.h>
| 
| int
| main ()
| {
| if (sizeof ((struct sockaddr_in6)))
| 	    return 0;
|   ;
|   return 0;
| }
configure:5978: result: yes
configure:5991: checking for struct sockaddr_storage
configure:5991: g++ -c -O2  conftest.cpp >&5
configure:5991: $? = 0
configure:5991: g++ -c -O2  conftest.cpp >&5
conftest.cpp: In function 'int main()':
conftest.cpp:54:14: error: expected primary-expression before 'struct'
 if (sizeof ((struct sockaddr_storage)))
              ^~~~~~
conftest.cpp:54:14: error: expected ')' before 'struct'
conftest.cpp:55:14: error: expected ')' before ';' token
      return 0;
              ^
conftest.cpp:55:14: error: expected ')' before ';' token
configure:5991: $? = 1
configure: failed program was:
| /* confdefs.h */
| #define PACKAGE_NAME "omniORB"
| #define PACKAGE_TARNAME "omniorb"
| #define PACKAGE_VERSION "4.2.3"
| #define PACKAGE_STRING "omniORB 4.2.3"
| #define PACKAGE_BUGREPORT "bugs@omniorb-support.com"
| #define PACKAGE_URL ""
| #define STDC_HEADERS 1
| #define HAVE_SYS_TYPES_H 1
| #define HAVE_SYS_STAT_H 1
| #define HAVE_STDLIB_H 1
| #define HAVE_STRING_H 1
| #define HAVE_MEMORY_H 1
| #define HAVE_STRINGS_H 1
| #define HAVE_INTTYPES_H 1
| #define HAVE_STDINT_H 1
| #define HAVE_UNISTD_H 1
| #define HAVE_ERRNO_H 1
| #define HAVE_FCNTL_H 1
| #define HAVE_NETDB_H 1
| #define HAVE_SIGNAL_H 1
| #define HAVE_STDLIB_H 1
| #define HAVE_STRING_H 1
| #define HAVE_STRINGS_H 1
| #define HAVE_UNISTD_H 1
| #define HAVE_SYS_IOCTL_H 1
| #define HAVE_SYS_PARAM_H 1
| #define HAVE_SYS_TIME_H 1
| #define HAVE_SYS_POLL_H 1
| #define HAVE_IFADDRS_H 1
| #define TIME_WITH_SYS_TIME 1
| #define SIZEOF_CHAR 1
| #define SIZEOF_UNSIGNED_CHAR 1
| #define SIZEOF_BOOL 1
| #define SIZEOF_SHORT 2
| #define SIZEOF_INT 4
| #define SIZEOF_LONG 8
| #define SIZEOF_LONG_LONG 8
| #define SIZEOF_FLOAT 4
| #define SIZEOF_DOUBLE 8
| #define SIZEOF_LONG_DOUBLE 16
| #define SIZEOF_WCHAR_T 4
| #define SIZEOF_VOIDP 8
| #define HAVE_STRUCT_SOCKADDR_IN6 1
| /* end confdefs.h.  */
| #include <sys/types.h>
| #include <sys/socket.h>
| #include <net/if.h>
| #include <netinet/in.h>
| 
| int
| main ()
| {
| if (sizeof ((struct sockaddr_storage)))
| 	    return 0;
|   ;
|   return 0;
| }
configure:5991: result: yes
configure:6004: checking for struct lifconf
configure:6004: g++ -c -O2  conftest.cpp >&5
conftest.cpp: In function 'int main()':
conftest.cpp:55:27: error: invalid application of 'sizeof' to incomplete type 'main()::lifconf'
 if (sizeof (struct lifconf))
                           ^
configure:6004: $? = 1
configure: failed program was:
| /* confdefs.h */
| #define PACKAGE_NAME "omniORB"
| #define PACKAGE_TARNAME "omniorb"
| #define PACKAGE_VERSION "4.2.3"
| #define PACKAGE_STRING "omniORB 4.2.3"
| #define PACKAGE_BUGREPORT "bugs@omniorb-support.com"
| #define PACKAGE_URL ""
| #define STDC_HEADERS 1
| #define HAVE_SYS_TYPES_H 1
| #define HAVE_SYS_STAT_H 1
| #define HAVE_STDLIB_H 1
| #define HAVE_STRING_H 1
| #define HAVE_MEMORY_H 1
| #define HAVE_STRINGS_H 1
| #define HAVE_INTTYPES_H 1
| #define HAVE_STDINT_H 1
| #define HAVE_UNISTD_H 1
| #define HAVE_ERRNO_H 1
| #define HAVE_FCNTL_H 1
| #define HAVE_NETDB_H 1
| #define HAVE_SIGNAL_H 1
| #define HAVE_STDLIB_H 1
| #define HAVE_STRING_H 1
| #define HAVE_STRINGS_H 1
| #define HAVE_UNISTD_H 1
| #define HAVE_SYS_IOCTL_H 1
| #define HAVE_SYS_PARAM_H 1
| #define HAVE_SYS_TIME_H 1
| #define HAVE_SYS_POLL_H 1
| #define HAVE_IFADDRS_H 1
| #define TIME_WITH_SYS_TIME 1
| #define SIZEOF_CHAR 1
| #define SIZEOF_UNSIGNED_CHAR 1
| #define SIZEOF_BOOL 1
| #define SIZEOF_SHORT 2
| #define SIZEOF_INT 4
| #define SIZEOF_LONG 8
| #define SIZEOF_LONG_LONG 8
| #define SIZEOF_FLOAT 4
| #define SIZEOF_DOUBLE 8
| #define SIZEOF_LONG_DOUBLE 16
| #define SIZEOF_WCHAR_T 4
| #define SIZEOF_VOIDP 8
| #define HAVE_STRUCT_SOCKADDR_IN6 1
| #define HAVE_STRUCT_SOCKADDR_STORAGE 1
| /* end confdefs.h.  */
| #include <sys/types.h>
| #include <sys/socket.h>
| #include <net/if.h>
| #include <netinet/in.h>
| 
| int
| main ()
| {
| if (sizeof (struct lifconf))
| 	 return 0;
|   ;
|   return 0;
| }
configure:6004: result: no
configure:6019: checking for struct sockaddr_in.sin_len
configure:6019: g++ -c -O2  conftest.cpp >&5
conftest.cpp: In function 'int main()':
conftest.cpp:55:13: error: 'struct sockaddr_in' has no member named 'sin_len'; did you mean 'sin_zero'?
 if (ac_aggr.sin_len)
             ^~~~~~~
             sin_zero
configure:6019: $? = 1
configure: failed program was:
| /* confdefs.h */
| #define PACKAGE_NAME "omniORB"
| #define PACKAGE_TARNAME "omniorb"
| #define PACKAGE_VERSION "4.2.3"
| #define PACKAGE_STRING "omniORB 4.2.3"
| #define PACKAGE_BUGREPORT "bugs@omniorb-support.com"
| #define PACKAGE_URL ""
| #define STDC_HEADERS 1
| #define HAVE_SYS_TYPES_H 1
| #define HAVE_SYS_STAT_H 1
| #define HAVE_STDLIB_H 1
| #define HAVE_STRING_H 1
| #define HAVE_MEMORY_H 1
| #define HAVE_STRINGS_H 1
| #define HAVE_INTTYPES_H 1
| #define HAVE_STDINT_H 1
| #define HAVE_UNISTD_H 1
| #define HAVE_ERRNO_H 1
| #define HAVE_FCNTL_H 1
| #define HAVE_NETDB_H 1
| #define HAVE_SIGNAL_H 1
| #define HAVE_STDLIB_H 1
| #define HAVE_STRING_H 1
| #define HAVE_STRINGS_H 1
| #define HAVE_UNISTD_H 1
| #define HAVE_SYS_IOCTL_H 1
| #define HAVE_SYS_PARAM_H 1
| #define HAVE_SYS_TIME_H 1
| #define HAVE_SYS_POLL_H 1
| #define HAVE_IFADDRS_H 1
| #define TIME_WITH_SYS_TIME 1
| #define SIZEOF_CHAR 1
| #define SIZEOF_UNSIGNED_CHAR 1
| #define SIZEOF_BOOL 1
| #define SIZEOF_SHORT 2
| #define SIZEOF_INT 4
| #define SIZEOF_LONG 8
| #define SIZEOF_LONG_LONG 8
| #define SIZEOF_FLOAT 4
| #define SIZEOF_DOUBLE 8
| #define SIZEOF_LONG_DOUBLE 16
| #define SIZEOF_WCHAR_T 4
| #define SIZEOF_VOIDP 8
| #define HAVE_STRUCT_SOCKADDR_IN6 1
| #define HAVE_STRUCT_SOCKADDR_STORAGE 1
| /* end confdefs.h.  */
| #include <sys/types.h>
| #include <sys/socket.h>
| #include <netinet/in.h>
| 
| int
| main ()
| {
| static struct sockaddr_in ac_aggr;
| if (ac_aggr.sin_len)
| return 0;
|   ;
|   return 0;
| }
configure:6019: g++ -c -O2  conftest.cpp >&5
conftest.cpp: In function 'int main()':
conftest.cpp:55:20: error: 'struct sockaddr_in' has no member named 'sin_len'; did you mean 'sin_zero'?
 if (sizeof ac_aggr.sin_len)
                    ^~~~~~~
                    sin_zero
configure:6019: $? = 1
configure: failed program was:
| /* confdefs.h */
| #define PACKAGE_NAME "omniORB"
| #define PACKAGE_TARNAME "omniorb"
| #define PACKAGE_VERSION "4.2.3"
| #define PACKAGE_STRING "omniORB 4.2.3"
| #define PACKAGE_BUGREPORT "bugs@omniorb-support.com"
| #define PACKAGE_URL ""
| #define STDC_HEADERS 1
| #define HAVE_SYS_TYPES_H 1
| #define HAVE_SYS_STAT_H 1
| #define HAVE_STDLIB_H 1
| #define HAVE_STRING_H 1
| #define HAVE_MEMORY_H 1
| #define HAVE_STRINGS_H 1
| #define HAVE_INTTYPES_H 1
| #define HAVE_STDINT_H 1
| #define HAVE_UNISTD_H 1
| #define HAVE_ERRNO_H 1
| #define HAVE_FCNTL_H 1
| #define HAVE_NETDB_H 1
| #define HAVE_SIGNAL_H 1
| #define HAVE_STDLIB_H 1
| #define HAVE_STRING_H 1
| #define HAVE_STRINGS_H 1
| #define HAVE_UNISTD_H 1
| #define HAVE_SYS_IOCTL_H 1
| #define HAVE_SYS_PARAM_H 1
| #define HAVE_SYS_TIME_H 1
| #define HAVE_SYS_POLL_H 1
| #define HAVE_IFADDRS_H 1
| #define TIME_WITH_SYS_TIME 1
| #define SIZEOF_CHAR 1
| #define SIZEOF_UNSIGNED_CHAR 1
| #define SIZEOF_BOOL 1
| #define SIZEOF_SHORT 2
| #define SIZEOF_INT 4
| #define SIZEOF_LONG 8
| #define SIZEOF_LONG_LONG 8
| #define SIZEOF_FLOAT 4
| #define SIZEOF_DOUBLE 8
| #define SIZEOF_LONG_DOUBLE 16
| #define SIZEOF_WCHAR_T 4
| #define SIZEOF_VOIDP 8
| #define HAVE_STRUCT_SOCKADDR_IN6 1
| #define HAVE_STRUCT_SOCKADDR_STORAGE 1
| /* end confdefs.h.  */
| #include <sys/types.h>
| #include <sys/socket.h>
| #include <netinet/in.h>
| 
| int
| main ()
| {
| static struct sockaddr_in ac_aggr;
| if (sizeof ac_aggr.sin_len)
| return 0;
|   ;
|   return 0;
| }
configure:6019: result: no
configure:6031: checking for struct sockaddr_in.sin_zero
configure:6031: g++ -c -O2  conftest.cpp >&5
configure:6031: $? = 0
configure:6031: result: yes
configure:6047: checking whether the compiler recognizes bool as a built-in type
configure:6074: g++ -c -O2  conftest.cpp >&5
configure:6074: $? = 0
configure:6088: result: yes
configure:6096: checking whether the compiler supports const_cast<>
configure:6119: g++ -c -O2  conftest.cpp >&5
configure:6119: $? = 0
configure:6133: result: yes
configure:6141: checking whether the compiler supports dynamic_cast<>
configure:6167: g++ -c -O2  conftest.cpp >&5
configure:6167: $? = 0
configure:6181: result: yes
configure:6189: checking whether the compiler supports reinterpret_cast<>
configure:6217: g++ -c -O2  conftest.cpp >&5
configure:6217: $? = 0
configure:6231: result: yes
configure:6239: checking whether the compiler implements namespaces
configure:6262: g++ -c -O2  conftest.cpp >&5
configure:6262: $? = 0
configure:6276: result: yes
configure:6284: checking whether the compiler supports ISO C++ standard library
configure:6314: g++ -c -O2  conftest.cpp >&5
configure:6314: $? = 0
configure:6328: result: yes
configure:6336: checking whether the compiler supports member constants
configure:6359: g++ -c -O2  conftest.cpp >&5
configure:6359: $? = 0
configure:6373: result: yes
configure:6382: checking whether the compiler supports exceptions
configure:6405: g++ -c -O2  conftest.cpp >&5
configure:6405: $? = 0
configure:6419: result: yes
configure:6427: checking whether exceptions can be caught by base class
configure:6467: g++ -o conftest -O2   conftest.cpp  >&5
configure:6467: $? = 0
configure:6467: ./conftest
configure:6467: $? = 0
configure:6484: result: yes
configure:6492: checking whether base constructors have to be fully-qualified
configure:6534: g++ -c -O2  conftest.cpp >&5
configure:6534: $? = 0
configure:6548: result: no
configure:6556: checking whether the compiler supports covariant return types
configure:6589: g++ -c -O2  conftest.cpp >&5
configure:6589: $? = 0
configure:6603: result: yes
configure:6611: checking whether long is the same type as int
configure:6636: g++ -c -O2  conftest.cpp >&5
configure:6636: $? = 0
configure:6650: result: no
configure:6661: checking for library containing getaddrinfo
configure:6692: g++ -o conftest -O2   conftest.cpp  >&5
configure:6692: $? = 0
configure:6709: result: none required
configure:6730: checking for getaddrinfo
configure:6730: gcc -o conftest -O   conftest.c  >&5
configure:6730: $? = 0
configure:6730: result: yes
configure:6730: checking for gethostname
configure:6730: gcc -o conftest -O   conftest.c  >&5
configure:6730: $? = 0
configure:6730: result: yes
configure:6730: checking for getopt
configure:6730: gcc -o conftest -O   conftest.c  >&5
configure:6730: $? = 0
configure:6730: result: yes
configure:6730: checking for getpid
configure:6730: gcc -o conftest -O   conftest.c  >&5
configure:6730: $? = 0
configure:6730: result: yes
configure:6730: checking for gettimeofday
configure:6730: gcc -o conftest -O   conftest.c  >&5
configure:6730: $? = 0
configure:6730: result: yes
configure:6742: checking for getnameinfo
configure:6742: gcc -o conftest -O   conftest.c  >&5
configure:6742: $? = 0
configure:6742: result: yes
configure:6742: checking for inet_ntop
configure:6742: gcc -o conftest -O   conftest.c  >&5
configure:6742: $? = 0
configure:6742: result: yes
configure:6754: checking for isinf
configure:6754: gcc -o conftest -O   conftest.c  >&5
conftest.c:88:6: warning: conflicting types for built-in function 'isinf' [-Wbuiltin-declaration-mismatch]
 char isinf ();
      ^~~~~
configure:6754: $? = 0
configure:6754: result: yes
configure:6754: checking for insinff
configure:6754: gcc -o conftest -O   conftest.c  >&5
/tmp/ccW2CTik.o: In function `main':
conftest.c:(.text+0xa): undefined reference to `insinff'
collect2: error: ld returned 1 exit status
configure:6754: $? = 1
configure: failed program was:
| /* confdefs.h */
| #define PACKAGE_NAME "omniORB"
| #define PACKAGE_TARNAME "omniorb"
| #define PACKAGE_VERSION "4.2.3"
| #define PACKAGE_STRING "omniORB 4.2.3"
| #define PACKAGE_BUGREPORT "bugs@omniorb-support.com"
| #define PACKAGE_URL ""
| #define STDC_HEADERS 1
| #define HAVE_SYS_TYPES_H 1
| #define HAVE_SYS_STAT_H 1
| #define HAVE_STDLIB_H 1
| #define HAVE_STRING_H 1
| #define HAVE_MEMORY_H 1
| #define HAVE_STRINGS_H 1
| #define HAVE_INTTYPES_H 1
| #define HAVE_STDINT_H 1
| #define HAVE_UNISTD_H 1
| #define HAVE_ERRNO_H 1
| #define HAVE_FCNTL_H 1
| #define HAVE_NETDB_H 1
| #define HAVE_SIGNAL_H 1
| #define HAVE_STDLIB_H 1
| #define HAVE_STRING_H 1
| #define HAVE_STRINGS_H 1
| #define HAVE_UNISTD_H 1
| #define HAVE_SYS_IOCTL_H 1
| #define HAVE_SYS_PARAM_H 1
| #define HAVE_SYS_TIME_H 1
| #define HAVE_SYS_POLL_H 1
| #define HAVE_IFADDRS_H 1
| #define TIME_WITH_SYS_TIME 1
| #define SIZEOF_CHAR 1
| #define SIZEOF_UNSIGNED_CHAR 1
| #define SIZEOF_BOOL 1
| #define SIZEOF_SHORT 2
| #define SIZEOF_INT 4
| #define SIZEOF_LONG 8
| #define SIZEOF_LONG_LONG 8
| #define SIZEOF_FLOAT 4
| #define SIZEOF_DOUBLE 8
| #define SIZEOF_LONG_DOUBLE 16
| #define SIZEOF_WCHAR_T 4
| #define SIZEOF_VOIDP 8
| #define HAVE_STRUCT_SOCKADDR_IN6 1
| #define HAVE_STRUCT_SOCKADDR_STORAGE 1
| #define HAVE_STRUCT_SOCKADDR_IN_SIN_ZERO 1
| #define HAVE_BOOL /**/
| #define HAVE_CONST_CAST /**/
| #define HAVE_DYNAMIC_CAST /**/
| #define HAVE_REINTERPRET_CAST /**/
| #define HAVE_NAMESPACES /**/
| #define HAVE_STD /**/
| #define HAVE_MEMBER_CONSTANTS /**/
| #define HAVE_EXCEPTIONS /**/
| #define HAVE_CATCH_BY_BASE /**/
| #define OMNI_HAVE_COVARIANT_RETURNS /**/
| #define HAVE_GETADDRINFO 1
| #define HAVE_GETHOSTNAME 1
| #define HAVE_GETOPT 1
| #define HAVE_GETPID 1
| #define HAVE_GETTIMEOFDAY 1
| #define HAVE_GETNAMEINFO 1
| #define HAVE_INET_NTOP 1
| #define HAVE_ISINF 1
| /* end confdefs.h.  */
| /* Define insinff to an innocuous variant, in case <limits.h> declares insinff.
|    For example, HP-UX 11i <limits.h> declares gettimeofday.  */
| #define insinff innocuous_insinff
| 
| /* System header to define __stub macros and hopefully few prototypes,
|     which can conflict with char insinff (); below.
|     Prefer <limits.h> to <assert.h> if __STDC__ is defined, since
|     <limits.h> exists even on freestanding compilers.  */
| 
| #ifdef __STDC__
| # include <limits.h>
| #else
| # include <assert.h>
| #endif
| 
| #undef insinff
| 
| /* Override any GCC internal prototype to avoid an error.
|    Use char because int might match the return type of a GCC
|    builtin and then its argument prototype would still apply.  */
| #ifdef __cplusplus
| extern "C"
| #endif
| char insinff ();
| /* The GNU C library defines this for functions which it implements
|     to always fail with ENOSYS.  Some functions are actually named
|     something starting with __ and the normal name is an alias.  */
| #if defined __stub_insinff || defined __stub___insinff
| choke me
| #endif
| 
| int
| main ()
| {
| return insinff ();
|   ;
|   return 0;
| }
configure:6754: result: no
configure:6754: checking for isinfl
configure:6754: gcc -o conftest -O   conftest.c  >&5
conftest.c:89:6: warning: conflicting types for built-in function 'isinfl' [-Wbuiltin-declaration-mismatch]
 char isinfl ();
      ^~~~~~
configure:6754: $? = 0
configure:6754: result: yes
configure:6754: checking for localtime
configure:6754: gcc -o conftest -O   conftest.c  >&5
configure:6754: $? = 0
configure:6754: result: yes
configure:6754: checking for nanosleep
configure:6754: gcc -o conftest -O   conftest.c  >&5
configure:6754: $? = 0
configure:6754: result: yes
configure:6754: checking for poll
configure:6754: gcc -o conftest -O   conftest.c  >&5
configure:6754: $? = 0
configure:6754: result: yes
configure:6754: checking for rand_r
configure:6754: gcc -o conftest -O   conftest.c  >&5
configure:6754: $? = 0
configure:6754: result: yes
configure:6754: checking for sigaction
configure:6754: gcc -o conftest -O   conftest.c  >&5
configure:6754: $? = 0
configure:6754: result: yes
configure:6766: checking for sigvec
configure:6766: gcc -o conftest -O   conftest.c  >&5
/tmp/ccPYPEGF.o: In function `main':
conftest.c:(.text+0xa): undefined reference to `sigvec'
collect2: error: ld returned 1 exit status
configure:6766: $? = 1
configure: failed program was:
| /* confdefs.h */
| #define PACKAGE_NAME "omniORB"
| #define PACKAGE_TARNAME "omniorb"
| #define PACKAGE_VERSION "4.2.3"
| #define PACKAGE_STRING "omniORB 4.2.3"
| #define PACKAGE_BUGREPORT "bugs@omniorb-support.com"
| #define PACKAGE_URL ""
| #define STDC_HEADERS 1
| #define HAVE_SYS_TYPES_H 1
| #define HAVE_SYS_STAT_H 1
| #define HAVE_STDLIB_H 1
| #define HAVE_STRING_H 1
| #define HAVE_MEMORY_H 1
| #define HAVE_STRINGS_H 1
| #define HAVE_INTTYPES_H 1
| #define HAVE_STDINT_H 1
| #define HAVE_UNISTD_H 1
| #define HAVE_ERRNO_H 1
| #define HAVE_FCNTL_H 1
| #define HAVE_NETDB_H 1
| #define HAVE_SIGNAL_H 1
| #define HAVE_STDLIB_H 1
| #define HAVE_STRING_H 1
| #define HAVE_STRINGS_H 1
| #define HAVE_UNISTD_H 1
| #define HAVE_SYS_IOCTL_H 1
| #define HAVE_SYS_PARAM_H 1
| #define HAVE_SYS_TIME_H 1
| #define HAVE_SYS_POLL_H 1
| #define HAVE_IFADDRS_H 1
| #define TIME_WITH_SYS_TIME 1
| #define SIZEOF_CHAR 1
| #define SIZEOF_UNSIGNED_CHAR 1
| #define SIZEOF_BOOL 1
| #define SIZEOF_SHORT 2
| #define SIZEOF_INT 4
| #define SIZEOF_LONG 8
| #define SIZEOF_LONG_LONG 8
| #define SIZEOF_FLOAT 4
| #define SIZEOF_DOUBLE 8
| #define SIZEOF_LONG_DOUBLE 16
| #define SIZEOF_WCHAR_T 4
| #define SIZEOF_VOIDP 8
| #define HAVE_STRUCT_SOCKADDR_IN6 1
| #define HAVE_STRUCT_SOCKADDR_STORAGE 1
| #define HAVE_STRUCT_SOCKADDR_IN_SIN_ZERO 1
| #define HAVE_BOOL /**/
| #define HAVE_CONST_CAST /**/
| #define HAVE_DYNAMIC_CAST /**/
| #define HAVE_REINTERPRET_CAST /**/
| #define HAVE_NAMESPACES /**/
| #define HAVE_STD /**/
| #define HAVE_MEMBER_CONSTANTS /**/
| #define HAVE_EXCEPTIONS /**/
| #define HAVE_CATCH_BY_BASE /**/
| #define OMNI_HAVE_COVARIANT_RETURNS /**/
| #define HAVE_GETADDRINFO 1
| #define HAVE_GETHOSTNAME 1
| #define HAVE_GETOPT 1
| #define HAVE_GETPID 1
| #define HAVE_GETTIMEOFDAY 1
| #define HAVE_GETNAMEINFO 1
| #define HAVE_INET_NTOP 1
| #define HAVE_ISINF 1
| #define HAVE_ISINFL 1
| #define HAVE_LOCALTIME 1
| #define HAVE_NANOSLEEP 1
| #define HAVE_POLL 1
| #define HAVE_RAND_R 1
| #define HAVE_SIGACTION 1
| /* end confdefs.h.  */
| /* Define sigvec to an innocuous variant, in case <limits.h> declares sigvec.
|    For example, HP-UX 11i <limits.h> declares gettimeofday.  */
| #define sigvec innocuous_sigvec
| 
| /* System header to define __stub macros and hopefully few prototypes,
|     which can conflict with char sigvec (); below.
|     Prefer <limits.h> to <assert.h> if __STDC__ is defined, since
|     <limits.h> exists even on freestanding compilers.  */
| 
| #ifdef __STDC__
| # include <limits.h>
| #else
| # include <assert.h>
| #endif
| 
| #undef sigvec
| 
| /* Override any GCC internal prototype to avoid an error.
|    Use char because int might match the return type of a GCC
|    builtin and then its argument prototype would still apply.  */
| #ifdef __cplusplus
| extern "C"
| #endif
| char sigvec ();
| /* The GNU C library defines this for functions which it implements
|     to always fail with ENOSYS.  Some functions are actually named
|     something starting with __ and the normal name is an alias.  */
| #if defined __stub_sigvec || defined __stub___sigvec
| choke me
| #endif
| 
| int
| main ()
| {
| return sigvec ();
|   ;
|   return 0;
| }
configure:6766: result: no
configure:6766: checking for snprintf
configure:6766: gcc -o conftest -O   conftest.c  >&5
conftest.c:95:6: warning: conflicting types for built-in function 'snprintf' [-Wbuiltin-declaration-mismatch]
 char snprintf ();
      ^~~~~~~~
configure:6766: $? = 0
configure:6766: result: yes
configure:6766: checking for strcasecmp
configure:6766: gcc -o conftest -O   conftest.c  >&5
conftest.c:96:6: warning: conflicting types for built-in function 'strcasecmp' [-Wbuiltin-declaration-mismatch]
 char strcasecmp ();
      ^~~~~~~~~~
configure:6766: $? = 0
configure:6766: result: yes
configure:6766: checking for strdup
configure:6766: gcc -o conftest -O   conftest.c  >&5
conftest.c:97:6: warning: conflicting types for built-in function 'strdup' [-Wbuiltin-declaration-mismatch]
 char strdup ();
      ^~~~~~
configure:6766: $? = 0
configure:6766: result: yes
configure:6766: checking for strerror
configure:6766: gcc -o conftest -O   conftest.c  >&5
configure:6766: $? = 0
configure:6766: result: yes
configure:6766: checking for strftime
configure:6766: gcc -o conftest -O   conftest.c  >&5
conftest.c:99:6: warning: conflicting types for built-in function 'strftime' [-Wbuiltin-declaration-mismatch]
 char strftime ();
      ^~~~~~~~
configure:6766: $? = 0
configure:6766: result: yes
configure:6766: checking for stricmp
configure:6766: gcc -o conftest -O   conftest.c  >&5
/tmp/cc8UhoEN.o: In function `main':
conftest.c:(.text+0xa): undefined reference to `stricmp'
collect2: error: ld returned 1 exit status
configure:6766: $? = 1
configure: failed program was:
| /* confdefs.h */
| #define PACKAGE_NAME "omniORB"
| #define PACKAGE_TARNAME "omniorb"
| #define PACKAGE_VERSION "4.2.3"
| #define PACKAGE_STRING "omniORB 4.2.3"
| #define PACKAGE_BUGREPORT "bugs@omniorb-support.com"
| #define PACKAGE_URL ""
| #define STDC_HEADERS 1
| #define HAVE_SYS_TYPES_H 1
| #define HAVE_SYS_STAT_H 1
| #define HAVE_STDLIB_H 1
| #define HAVE_STRING_H 1
| #define HAVE_MEMORY_H 1
| #define HAVE_STRINGS_H 1
| #define HAVE_INTTYPES_H 1
| #define HAVE_STDINT_H 1
| #define HAVE_UNISTD_H 1
| #define HAVE_ERRNO_H 1
| #define HAVE_FCNTL_H 1
| #define HAVE_NETDB_H 1
| #define HAVE_SIGNAL_H 1
| #define HAVE_STDLIB_H 1
| #define HAVE_STRING_H 1
| #define HAVE_STRINGS_H 1
| #define HAVE_UNISTD_H 1
| #define HAVE_SYS_IOCTL_H 1
| #define HAVE_SYS_PARAM_H 1
| #define HAVE_SYS_TIME_H 1
| #define HAVE_SYS_POLL_H 1
| #define HAVE_IFADDRS_H 1
| #define TIME_WITH_SYS_TIME 1
| #define SIZEOF_CHAR 1
| #define SIZEOF_UNSIGNED_CHAR 1
| #define SIZEOF_BOOL 1
| #define SIZEOF_SHORT 2
| #define SIZEOF_INT 4
| #define SIZEOF_LONG 8
| #define SIZEOF_LONG_LONG 8
| #define SIZEOF_FLOAT 4
| #define SIZEOF_DOUBLE 8
| #define SIZEOF_LONG_DOUBLE 16
| #define SIZEOF_WCHAR_T 4
| #define SIZEOF_VOIDP 8
| #define HAVE_STRUCT_SOCKADDR_IN6 1
| #define HAVE_STRUCT_SOCKADDR_STORAGE 1
| #define HAVE_STRUCT_SOCKADDR_IN_SIN_ZERO 1
| #define HAVE_BOOL /**/
| #define HAVE_CONST_CAST /**/
| #define HAVE_DYNAMIC_CAST /**/
| #define HAVE_REINTERPRET_CAST /**/
| #define HAVE_NAMESPACES /**/
| #define HAVE_STD /**/
| #define HAVE_MEMBER_CONSTANTS /**/
| #define HAVE_EXCEPTIONS /**/
| #define HAVE_CATCH_BY_BASE /**/
| #define OMNI_HAVE_COVARIANT_RETURNS /**/
| #define HAVE_GETADDRINFO 1
| #define HAVE_GETHOSTNAME 1
| #define HAVE_GETOPT 1
| #define HAVE_GETPID 1
| #define HAVE_GETTIMEOFDAY 1
| #define HAVE_GETNAMEINFO 1
| #define HAVE_INET_NTOP 1
| #define HAVE_ISINF 1
| #define HAVE_ISINFL 1
| #define HAVE_LOCALTIME 1
| #define HAVE_NANOSLEEP 1
| #define HAVE_POLL 1
| #define HAVE_RAND_R 1
| #define HAVE_SIGACTION 1
| #define HAVE_SNPRINTF 1
| #define HAVE_STRCASECMP 1
| #define HAVE_STRDUP 1
| #define HAVE_STRERROR 1
| #define HAVE_STRFTIME 1
| /* end confdefs.h.  */
| /* Define stricmp to an innocuous variant, in case <limits.h> declares stricmp.
|    For example, HP-UX 11i <limits.h> declares gettimeofday.  */
| #define stricmp innocuous_stricmp
| 
| /* System header to define __stub macros and hopefully few prototypes,
|     which can conflict with char stricmp (); below.
|     Prefer <limits.h> to <assert.h> if __STDC__ is defined, since
|     <limits.h> exists even on freestanding compilers.  */
| 
| #ifdef __STDC__
| # include <limits.h>
| #else
| # include <assert.h>
| #endif
| 
| #undef stricmp
| 
| /* Override any GCC internal prototype to avoid an error.
|    Use char because int might match the return type of a GCC
|    builtin and then its argument prototype would still apply.  */
| #ifdef __cplusplus
| extern "C"
| #endif
| char stricmp ();
| /* The GNU C library defines this for functions which it implements
|     to always fail with ENOSYS.  Some functions are actually named
|     something starting with __ and the normal name is an alias.  */
| #if defined __stub_stricmp || defined __stub___stricmp
| choke me
| #endif
| 
| int
| main ()
| {
| return stricmp ();
|   ;
|   return 0;
| }
configure:6766: result: no
configure:6778: checking for strncasecmp
configure:6778: gcc -o conftest -O   conftest.c  >&5
conftest.c:100:6: warning: conflicting types for built-in function 'strncasecmp' [-Wbuiltin-declaration-mismatch]
 char strncasecmp ();
      ^~~~~~~~~~~
configure:6778: $? = 0
configure:6778: result: yes
configure:6778: checking for strtoul
configure:6778: gcc -o conftest -O   conftest.c  >&5
configure:6778: $? = 0
configure:6778: result: yes
configure:6778: checking for strtoull
configure:6778: gcc -o conftest -O   conftest.c  >&5
configure:6778: $? = 0
configure:6778: result: yes
configure:6778: checking for strtouq
configure:6778: gcc -o conftest -O   conftest.c  >&5
configure:6778: $? = 0
configure:6778: result: yes
configure:6778: checking for uname
configure:6778: gcc -o conftest -O   conftest.c  >&5
configure:6778: $? = 0
configure:6778: result: yes
configure:6778: checking for vprintf
configure:6778: gcc -o conftest -O   conftest.c  >&5
conftest.c:105:6: warning: conflicting types for built-in function 'vprintf' [-Wbuiltin-declaration-mismatch]
 char vprintf ();
      ^~~~~~~
configure:6778: $? = 0
configure:6778: result: yes
configure:6778: checking for vsnprintf
configure:6778: gcc -o conftest -O   conftest.c  >&5
conftest.c:106:6: warning: conflicting types for built-in function 'vsnprintf' [-Wbuiltin-declaration-mismatch]
 char vsnprintf ();
      ^~~~~~~~~
configure:6778: $? = 0
configure:6778: result: yes
configure:6787: checking for size_t
configure:6787: gcc -c -O  conftest.c >&5
configure:6787: $? = 0
configure:6787: gcc -c -O  conftest.c >&5
conftest.c: In function 'main':
conftest.c:120:21: error: expected expression before ')' token
 if (sizeof ((size_t)))
                     ^
configure:6787: $? = 1
configure: failed program was:
| /* confdefs.h */
| #define PACKAGE_NAME "omniORB"
| #define PACKAGE_TARNAME "omniorb"
| #define PACKAGE_VERSION "4.2.3"
| #define PACKAGE_STRING "omniORB 4.2.3"
| #define PACKAGE_BUGREPORT "bugs@omniorb-support.com"
| #define PACKAGE_URL ""
| #define STDC_HEADERS 1
| #define HAVE_SYS_TYPES_H 1
| #define HAVE_SYS_STAT_H 1
| #define HAVE_STDLIB_H 1
| #define HAVE_STRING_H 1
| #define HAVE_MEMORY_H 1
| #define HAVE_STRINGS_H 1
| #define HAVE_INTTYPES_H 1
| #define HAVE_STDINT_H 1
| #define HAVE_UNISTD_H 1
| #define HAVE_ERRNO_H 1
| #define HAVE_FCNTL_H 1
| #define HAVE_NETDB_H 1
| #define HAVE_SIGNAL_H 1
| #define HAVE_STDLIB_H 1
| #define HAVE_STRING_H 1
| #define HAVE_STRINGS_H 1
| #define HAVE_UNISTD_H 1
| #define HAVE_SYS_IOCTL_H 1
| #define HAVE_SYS_PARAM_H 1
| #define HAVE_SYS_TIME_H 1
| #define HAVE_SYS_POLL_H 1
| #define HAVE_IFADDRS_H 1
| #define TIME_WITH_SYS_TIME 1
| #define SIZEOF_CHAR 1
| #define SIZEOF_UNSIGNED_CHAR 1
| #define SIZEOF_BOOL 1
| #define SIZEOF_SHORT 2
| #define SIZEOF_INT 4
| #define SIZEOF_LONG 8
| #define SIZEOF_LONG_LONG 8
| #define SIZEOF_FLOAT 4
| #define SIZEOF_DOUBLE 8
| #define SIZEOF_LONG_DOUBLE 16
| #define SIZEOF_WCHAR_T 4
| #define SIZEOF_VOIDP 8
| #define HAVE_STRUCT_SOCKADDR_IN6 1
| #define HAVE_STRUCT_SOCKADDR_STORAGE 1
| #define HAVE_STRUCT_SOCKADDR_IN_SIN_ZERO 1
| #define HAVE_BOOL /**/
| #define HAVE_CONST_CAST /**/
| #define HAVE_DYNAMIC_CAST /**/
| #define HAVE_REINTERPRET_CAST /**/
| #define HAVE_NAMESPACES /**/
| #define HAVE_STD /**/
| #define HAVE_MEMBER_CONSTANTS /**/
| #define HAVE_EXCEPTIONS /**/
| #define HAVE_CATCH_BY_BASE /**/
| #define OMNI_HAVE_COVARIANT_RETURNS /**/
| #define HAVE_GETADDRINFO 1
| #define HAVE_GETHOSTNAME 1
| #define HAVE_GETOPT 1
| #define HAVE_GETPID 1
| #define HAVE_GETTIMEOFDAY 1
| #define HAVE_GETNAMEINFO 1
| #define HAVE_INET_NTOP 1
| #define HAVE_ISINF 1
| #define HAVE_ISINFL 1
| #define HAVE_LOCALTIME 1
| #define HAVE_NANOSLEEP 1
| #define HAVE_POLL 1
| #define HAVE_RAND_R 1
| #define HAVE_SIGACTION 1
| #define HAVE_SNPRINTF 1
| #define HAVE_STRCASECMP 1
| #define HAVE_STRDUP 1
| #define HAVE_STRERROR 1
| #define HAVE_STRFTIME 1
| #define HAVE_STRNCASECMP 1
| #define HAVE_STRTOUL 1
| #define HAVE_STRTOULL 1
| #define HAVE_STRTOUQ 1
| #define HAVE_UNAME 1
| #define HAVE_VPRINTF 1
| #define HAVE_VSNPRINTF 1
| /* end confdefs.h.  */
| #include <stdio.h>
| #ifdef HAVE_SYS_TYPES_H
| # include <sys/types.h>
| #endif
| #ifdef HAVE_SYS_STAT_H
| # include <sys/stat.h>
| #endif
| #ifdef STDC_HEADERS
| # include <stdlib.h>
| # include <stddef.h>
| #else
| # ifdef HAVE_STDLIB_H
| #  include <stdlib.h>
| # endif
| #endif
| #ifdef HAVE_STRING_H
| # if !defined STDC_HEADERS && defined HAVE_MEMORY_H
| #  include <memory.h>
| # endif
| # include <string.h>
| #endif
| #ifdef HAVE_STRINGS_H
| # include <strings.h>
| #endif
| #ifdef HAVE_INTTYPES_H
| # include <inttypes.h>
| #endif
| #ifdef HAVE_STDINT_H
| # include <stdint.h>
| #endif
| #ifdef HAVE_UNISTD_H
| # include <unistd.h>
| #endif
| int
| main ()
| {
| if (sizeof ((size_t)))
| 	    return 0;
|   ;
|   return 0;
| }
configure:6787: result: yes
configure:6801: checking for working alloca.h
configure:6818: gcc -o conftest -O   conftest.c  >&5
configure:6818: $? = 0
configure:6826: result: yes
configure:6834: checking for alloca
configure:6871: gcc -o conftest -O   conftest.c  >&5
configure:6871: $? = 0
configure:6879: result: yes
configure:6992: checking for IsNANorINF
configure:7020: g++ -c -O2  conftest.cpp >&5
conftest.cpp:88:10: fatal error: nan.h: No such file or directory
 #include <nan.h>
          ^~~~~~~
compilation terminated.
configure:7020: $? = 1
configure: failed program was:
| /* confdefs.h */
| #define PACKAGE_NAME "omniORB"
| #define PACKAGE_TARNAME "omniorb"
| #define PACKAGE_VERSION "4.2.3"
| #define PACKAGE_STRING "omniORB 4.2.3"
| #define PACKAGE_BUGREPORT "bugs@omniorb-support.com"
| #define PACKAGE_URL ""
| #define STDC_HEADERS 1
| #define HAVE_SYS_TYPES_H 1
| #define HAVE_SYS_STAT_H 1
| #define HAVE_STDLIB_H 1
| #define HAVE_STRING_H 1
| #define HAVE_MEMORY_H 1
| #define HAVE_STRINGS_H 1
| #define HAVE_INTTYPES_H 1
| #define HAVE_STDINT_H 1
| #define HAVE_UNISTD_H 1
| #define HAVE_ERRNO_H 1
| #define HAVE_FCNTL_H 1
| #define HAVE_NETDB_H 1
| #define HAVE_SIGNAL_H 1
| #define HAVE_STDLIB_H 1
| #define HAVE_STRING_H 1
| #define HAVE_STRINGS_H 1
| #define HAVE_UNISTD_H 1
| #define HAVE_SYS_IOCTL_H 1
| #define HAVE_SYS_PARAM_H 1
| #define HAVE_SYS_TIME_H 1
| #define HAVE_SYS_POLL_H 1
| #define HAVE_IFADDRS_H 1
| #define TIME_WITH_SYS_TIME 1
| #define SIZEOF_CHAR 1
| #define SIZEOF_UNSIGNED_CHAR 1
| #define SIZEOF_BOOL 1
| #define SIZEOF_SHORT 2
| #define SIZEOF_INT 4
| #define SIZEOF_LONG 8
| #define SIZEOF_LONG_LONG 8
| #define SIZEOF_FLOAT 4
| #define SIZEOF_DOUBLE 8
| #define SIZEOF_LONG_DOUBLE 16
| #define SIZEOF_WCHAR_T 4
| #define SIZEOF_VOIDP 8
| #define HAVE_STRUCT_SOCKADDR_IN6 1
| #define HAVE_STRUCT_SOCKADDR_STORAGE 1
| #define HAVE_STRUCT_SOCKADDR_IN_SIN_ZERO 1
| #define HAVE_BOOL /**/
| #define HAVE_CONST_CAST /**/
| #define HAVE_DYNAMIC_CAST /**/
| #define HAVE_REINTERPRET_CAST /**/
| #define HAVE_NAMESPACES /**/
| #define HAVE_STD /**/
| #define HAVE_MEMBER_CONSTANTS /**/
| #define HAVE_EXCEPTIONS /**/
| #define HAVE_CATCH_BY_BASE /**/
| #define OMNI_HAVE_COVARIANT_RETURNS /**/
| #define HAVE_GETADDRINFO 1
| #define HAVE_GETHOSTNAME 1
| #define HAVE_GETOPT 1
| #define HAVE_GETPID 1
| #define HAVE_GETTIMEOFDAY 1
| #define HAVE_GETNAMEINFO 1
| #define HAVE_INET_NTOP 1
| #define HAVE_ISINF 1
| #define HAVE_ISINFL 1
| #define HAVE_LOCALTIME 1
| #define HAVE_NANOSLEEP 1
| #define HAVE_POLL 1
| #define HAVE_RAND_R 1
| #define HAVE_SIGACTION 1
| #define HAVE_SNPRINTF 1
| #define HAVE_STRCASECMP 1
| #define HAVE_STRDUP 1
| #define HAVE_STRERROR 1
| #define HAVE_STRFTIME 1
| #define HAVE_STRNCASECMP 1
| #define HAVE_STRTOUL 1
| #define HAVE_STRTOULL 1
| #define HAVE_STRTOUQ 1
| #define HAVE_UNAME 1
| #define HAVE_VPRINTF 1
| #define HAVE_VSNPRINTF 1
| #define HAVE_ALLOCA_H 1
| #define HAVE_ALLOCA 1
| /* end confdefs.h.  */
| 
| #include <math.h>
| #include <nan.h>
| 
| int
| main ()
| {
| 
|   double d = 1.23;
|   int i = IsNANorINF(d);
| 
|   ;
|   return 0;
| }
configure:7034: result: no
configure:7042: checking whether SIG_IGN is available
configure:7077: g++ -c -O2  conftest.cpp >&5
configure:7077: $? = 0
configure:7091: result: yes
configure:7099: checking whether gettimeofday() takes a timezone argument
configure:7130: g++ -c -O2  conftest.cpp >&5
configure:7130: $? = 0
configure:7144: result: yes
configure:7152: checking third argument of getsockname
configure:7181: g++ -c -O2  conftest.cpp >&5
configure:7181: $? = 0
configure:7218: result: socklen_t
configure:7221: checking whether __sync_add_and_fetch and __sync_sub_and_fetch are present
configure:7247: g++ -o conftest -O2   conftest.cpp  >&5
configure:7247: $? = 0
configure:7262: result: yes
configure:7272: checking omniORB config file location
configure:7287: result: /etc/omniORB.cfg
configure:7296: checking omniNames log directory
configure:7311: result: /var/omninames
configure:7320: checking whether to build static libraries
configure:7334: result: yes
configure:7339: checking whether to trace threads and locking
configure:7353: result: no
configure:7361: checking whether to support IPv6
configure:7375: result: yes
configure:7383: checking whether alloca should be used in omnicpp
configure:7397: result: yes
configure:7405: checking whether to support long double
configure:7419: result: yes
configure:7429: checking whether to use atomic operations when possible
configure:7443: result: yes
configure:7451: checking for compressBound in -lz
configure:7476: g++ -o conftest -O2   conftest.cpp -lz   >&5
configure:7476: $? = 0
configure:7485: result: yes
configure:7495: checking whether to use CFNetwork
configure:7509: result: no
configure:7760: creating ./config.status

## ---------------------- ##
## Running config.status. ##
## ---------------------- ##

This file was extended by omniORB config.status 4.2.3, which was
generated by GNU Autoconf 2.69.  Invocation command line was

  CONFIG_FILES    = 
  CONFIG_HEADERS  = 
  CONFIG_LINKS    = 
  CONFIG_COMMANDS = 
  $ ./config.status 

on sylem-System-Product-Name

config.status:1013: creating mk/beforeauto.mk
config.status:1116: WARNING:  '../mk/beforeauto.mk.in' seems to ignore the --datarootdir setting
config.status:1013: creating mk/afterauto.mk
config.status:1013: creating GNUmakefile
config.status:1013: creating src/tool/omniidl/python/scripts/omniidl
config.status:1013: creating src/tool/omniidl/python3/scripts/omniidl
config.status:1013: creating src/appl/GNUmakefile
config.status:1013: creating src/appl/omniMapper/GNUmakefile
config.status:1013: creating src/appl/omniNames/GNUmakefile
config.status:1013: creating src/appl/utils/catior/GNUmakefile
config.status:1013: creating src/appl/utils/convertior/GNUmakefile
config.status:1013: creating src/appl/utils/GNUmakefile
config.status:1013: creating src/appl/utils/genior/GNUmakefile
config.status:1013: creating src/appl/utils/nameclt/GNUmakefile
config.status:1013: creating src/GNUmakefile
config.status:1013: creating src/examples/ami/GNUmakefile
config.status:1013: creating src/examples/anyExample/GNUmakefile
config.status:1013: creating src/examples/bidir/GNUmakefile
config.status:1013: creating src/examples/boa/GNUmakefile
config.status:1013: creating src/examples/call_back/GNUmakefile
config.status:1013: creating src/examples/dii/GNUmakefile
config.status:1013: creating src/examples/GNUmakefile
config.status:1013: creating src/examples/dsi/GNUmakefile
config.status:1013: creating src/examples/echo/GNUmakefile
config.status:1013: creating src/examples/poa/GNUmakefile
config.status:1013: creating src/examples/poa/implicit_activation/GNUmakefile
config.status:1013: creating src/examples/poa/persistent_objref/GNUmakefile
config.status:1013: creating src/examples/poa/servant_manager/GNUmakefile
config.status:1013: creating src/examples/poa/threading/GNUmakefile
config.status:1013: creating src/examples/poa/shortcut/GNUmakefile
config.status:1013: creating src/examples/ssl_echo/GNUmakefile
config.status:1013: creating src/examples/thread/GNUmakefile
config.status:1013: creating src/examples/valuetype/GNUmakefile
config.status:1013: creating src/examples/valuetype/simple/GNUmakefile
config.status:1013: creating src/examples/ziop/GNUmakefile
config.status:1013: creating src/lib/GNUmakefile
config.status:1013: creating src/lib/omniORB/codesets/GNUmakefile
config.status:1013: creating src/lib/omniORB/GNUmakefile
config.status:1013: creating src/lib/omniORB/dynamic/GNUmakefile
config.status:1013: creating src/lib/omniORB/python/omniidl_be/cxx/GNUmakefile
config.status:1013: creating src/lib/omniORB/python/omniidl_be/cxx/dynskel/GNUmakefile
config.status:1013: creating src/lib/omniORB/python/omniidl_be/cxx/header/GNUmakefile
config.status:1013: creating src/lib/omniORB/python/omniidl_be/cxx/impl/GNUmakefile
config.status:1013: creating src/lib/omniORB/python/omniidl_be/cxx/skel/GNUmakefile
config.status:1013: creating src/lib/omniORB/python/omniidl_be/GNUmakefile
config.status:1013: creating src/lib/omniORB/python/GNUmakefile
config.status:1013: creating src/lib/omniORB/python3/omniidl_be/cxx/GNUmakefile
config.status:1013: creating src/lib/omniORB/python3/omniidl_be/cxx/dynskel/GNUmakefile
config.status:1013: creating src/lib/omniORB/python3/omniidl_be/cxx/header/GNUmakefile
config.status:1013: creating src/lib/omniORB/python3/omniidl_be/cxx/impl/GNUmakefile
config.status:1013: creating src/lib/omniORB/python3/omniidl_be/cxx/skel/GNUmakefile
config.status:1013: creating src/lib/omniORB/python3/omniidl_be/GNUmakefile
config.status:1013: creating src/lib/omniORB/python3/GNUmakefile
config.status:1013: creating src/lib/omniORB/orbcore/GNUmakefile
config.status:1013: creating src/lib/omniORB/orbcore/ssl/GNUmakefile
config.status:1013: creating src/lib/omniORB/connections/GNUmakefile
config.status:1013: creating src/lib/omniORB/ziop/GNUmakefile
config.status:1013: creating src/lib/omniORB/ziopdynamic/GNUmakefile
config.status:1013: creating src/lib/omnithread/GNUmakefile
config.status:1013: creating src/services/GNUmakefile
config.status:1013: creating src/services/mklib/GNUmakefile
config.status:1013: creating src/services/mklib/stublib/GNUmakefile
config.status:1013: creating src/services/mklib/dynstublib/GNUmakefile
config.status:1013: creating src/services/mklib/mkBOAlib/GNUmakefile
config.status:1013: creating src/tool/GNUmakefile
config.status:1013: creating src/tool/omkdepend/GNUmakefile
config.status:1013: creating src/tool/omniidl/cxx/cccp/GNUmakefile
config.status:1013: creating src/tool/omniidl/cxx/GNUmakefile
config.status:1013: creating src/tool/omniidl/GNUmakefile
config.status:1013: creating src/tool/omniidl/python/GNUmakefile
config.status:1013: creating src/tool/omniidl/python/omniidl_be/GNUmakefile
config.status:1013: creating src/tool/omniidl/python/omniidl/GNUmakefile
config.status:1013: creating src/tool/omniidl/python/scripts/GNUmakefile
config.status:1013: creating src/tool/omniidl/python3/GNUmakefile
config.status:1013: creating src/tool/omniidl/python3/omniidl_be/GNUmakefile
config.status:1013: creating src/tool/omniidl/python3/omniidl/GNUmakefile
config.status:1013: creating src/tool/omniidl/python3/scripts/GNUmakefile
config.status:1013: creating include/GNUmakefile
config.status:1013: creating include/omniconfig.h
config.status:1013: creating include/omnithread/GNUmakefile
config.status:1013: creating include/omniORB4/GNUmakefile
config.status:1013: creating include/omniORB4/internal/GNUmakefile
config.status:1013: creating idl/GNUmakefile
config.status:1013: creating idl/COS/GNUmakefile
config.status:1013: creating etc/init.d/omniNames
config.status:1013: creating contrib/GNUmakefile
config.status:1013: creating contrib/pkgconfig/GNUmakefile
config.status:1013: creating contrib/pkgconfig/omnithread3.pc
config.status:1013: creating contrib/pkgconfig/omniORB4.pc
config.status:1116: WARNING:  '../contrib/pkgconfig/omniORB4.pc.in' seems to ignore the --datarootdir setting
config.status:1013: creating contrib/pkgconfig/omniDynamic4.pc
config.status:1013: creating contrib/pkgconfig/omniCOS4.pc
config.status:1116: WARNING:  '../contrib/pkgconfig/omniCOS4.pc.in' seems to ignore the --datarootdir setting
config.status:1013: creating contrib/pkgconfig/omniCOSDynamic4.pc
config.status:1013: creating contrib/pkgconfig/omniConnectionMgmt4.pc
config.status:1013: creating contrib/pkgconfig/omniZIOP4.pc
config.status:1013: creating contrib/pkgconfig/omniZIOPDynamic4.pc
config.status:1013: creating include/omniORB4/acconfig.h

## ---------------- ##
## Cache variables. ##
## ---------------- ##

ac_cv_build=x86_64-unknown-linux-gnu
ac_cv_c_bigendian=no
ac_cv_c_compiler_gnu=yes
ac_cv_cxx_bool=yes
ac_cv_cxx_compiler_gnu=yes
ac_cv_cxx_const_cast=yes
ac_cv_cxx_dynamic_cast=yes
ac_cv_cxx_exceptions=yes
ac_cv_cxx_have_std=yes
ac_cv_cxx_member_constants=yes
ac_cv_cxx_namespaces=yes
ac_cv_cxx_reinterpret_cast=yes
ac_cv_env_CCC_set=
ac_cv_env_CCC_value=
ac_cv_env_CC_set=
ac_cv_env_CC_value=
ac_cv_env_CFLAGS_set=
ac_cv_env_CFLAGS_value=
ac_cv_env_CPPFLAGS_set=
ac_cv_env_CPPFLAGS_value=
ac_cv_env_CPP_set=
ac_cv_env_CPP_value=
ac_cv_env_CXXCPP_set=
ac_cv_env_CXXCPP_value=
ac_cv_env_CXXFLAGS_set=
ac_cv_env_CXXFLAGS_value=
ac_cv_env_CXX_set=
ac_cv_env_CXX_value=
ac_cv_env_LDFLAGS_set=
ac_cv_env_LDFLAGS_value=
ac_cv_env_LIBS_set=
ac_cv_env_LIBS_value=
ac_cv_env_OPENSSL_CFLAGS_set=
ac_cv_env_OPENSSL_CFLAGS_value=
ac_cv_env_OPENSSL_LIBS_set=
ac_cv_env_OPENSSL_LIBS_value=
ac_cv_env_PKG_CONFIG_LIBDIR_set=
ac_cv_env_PKG_CONFIG_LIBDIR_value=
ac_cv_env_PKG_CONFIG_PATH_set=
ac_cv_env_PKG_CONFIG_PATH_value=
ac_cv_env_PKG_CONFIG_set=
ac_cv_env_PKG_CONFIG_value=
ac_cv_env_PYTHON_set=
ac_cv_env_PYTHON_value=
ac_cv_env_build_alias_set=
ac_cv_env_build_alias_value=
ac_cv_env_host_alias_set=
ac_cv_env_host_alias_value=
ac_cv_env_target_alias_set=
ac_cv_env_target_alias_value=
ac_cv_func_alloca_works=yes
ac_cv_func_getaddrinfo=yes
ac_cv_func_gethostname=yes
ac_cv_func_getnameinfo=yes
ac_cv_func_getopt=yes
ac_cv_func_getpid=yes
ac_cv_func_gettimeofday=yes
ac_cv_func_inet_ntop=yes
ac_cv_func_insinff=no
ac_cv_func_isinf=yes
ac_cv_func_isinfl=yes
ac_cv_func_localtime=yes
ac_cv_func_nanosleep=yes
ac_cv_func_poll=yes
ac_cv_func_rand_r=yes
ac_cv_func_sigaction=yes
ac_cv_func_sigvec=no
ac_cv_func_snprintf=yes
ac_cv_func_strcasecmp=yes
ac_cv_func_strdup=yes
ac_cv_func_strerror=yes
ac_cv_func_strftime=yes
ac_cv_func_stricmp=no
ac_cv_func_strncasecmp=yes
ac_cv_func_strtoul=yes
ac_cv_func_strtoull=yes
ac_cv_func_strtouq=yes
ac_cv_func_uname=yes
ac_cv_func_vprintf=yes
ac_cv_func_vsnprintf=yes
ac_cv_header_errno_h=yes
ac_cv_header_fcntl_h=yes
ac_cv_header_ifaddrs_h=yes
ac_cv_header_inttypes_h=yes
ac_cv_header_memory_h=yes
ac_cv_header_nan_h=no
ac_cv_header_netdb_h=yes
ac_cv_header_signal_h=yes
ac_cv_header_stdc=yes
ac_cv_header_stdint_h=yes
ac_cv_header_stdlib_h=yes
ac_cv_header_string_h=yes
ac_cv_header_strings_h=yes
ac_cv_header_sys_if_h=no
ac_cv_header_sys_ioctl_h=yes
ac_cv_header_sys_param_h=yes
ac_cv_header_sys_poll_h=yes
ac_cv_header_sys_stat_h=yes
ac_cv_header_sys_time_h=yes
ac_cv_header_sys_types_h=yes
ac_cv_header_time=yes
ac_cv_header_unistd_h=yes
ac_cv_host=x86_64-unknown-linux-gnu
ac_cv_lib_z_compressBound=yes
ac_cv_member_struct_sockaddr_in_sin_len=no
ac_cv_member_struct_sockaddr_in_sin_zero=yes
ac_cv_objext=o
ac_cv_path_EGREP='/bin/grep -E'
ac_cv_path_GREP=/bin/grep
ac_cv_path_PKG_CONFIG=/usr/bin/pkg-config
ac_cv_path_PYTHON=/usr/bin/python
ac_cv_path_install='/usr/bin/install -c'
ac_cv_prog_CPP='gcc -E'
ac_cv_prog_CXXCPP='g++ -E'
ac_cv_prog_ac_ct_CC=gcc
ac_cv_prog_ac_ct_CXX=g++
ac_cv_prog_ac_ct_RANLIB=ranlib
ac_cv_prog_cc_c89=
ac_cv_prog_cc_g=yes
ac_cv_prog_cxx_g=yes
ac_cv_prog_make_make_set=yes
ac_cv_search_getaddrinfo='none required'
ac_cv_sizeof_bool=1
ac_cv_sizeof_char=1
ac_cv_sizeof_double=8
ac_cv_sizeof_float=4
ac_cv_sizeof_int=4
ac_cv_sizeof_long=8
ac_cv_sizeof_long_double=16
ac_cv_sizeof_long_long=8
ac_cv_sizeof_short=2
ac_cv_sizeof_unsigned_char=1
ac_cv_sizeof_voidp=8
ac_cv_sizeof_wchar_t=4
ac_cv_type_size_t=yes
ac_cv_type_struct_lifconf=no
ac_cv_type_struct_sockaddr_in6=yes
ac_cv_type_struct_sockaddr_storage=yes
ac_cv_working_alloca_h=yes
am_cv_python_platform=linux2
am_cv_python_pyexecdir='${exec_prefix}/lib/python2.7/dist-packages'
am_cv_python_pythondir='${prefix}/lib/python2.7/dist-packages'
am_cv_python_version=2.7
omni_cv_cxx_catch_by_base=yes
omni_cv_cxx_covariant_returns=yes
omni_cv_cxx_long_is_int=no
omni_cv_cxx_need_fq_base_ctor=no
omni_cv_enable_alloca=yes
omni_cv_enable_atomic=yes
omni_cv_enable_cfnetwork=no
omni_cv_enable_ipv6=yes
omni_cv_enable_longdouble=yes
omni_cv_enable_static=yes
omni_cv_enable_thread_tracing=no
omni_cv_enable_ziop=yes
omni_cv_gettimeofday_timezone=yes
omni_cv_have_isnanorinf=no
omni_cv_omninames_logdir=/var/omninames
omni_cv_omniorb_config=/etc/omniORB.cfg
omni_cv_openssl_root=no
omni_cv_sig_ign_available=yes
omni_cv_sockname_size_t=socklen_t
omni_cv_sync_add_and_fetch=yes

## ----------------- ##
## Output variables. ##
## ----------------- ##

ALLOCA=''
CC='gcc'
CFLAGS='-O'
COMPILER_NAME='Compiler_GCC'
CPP='gcc -E'
CPPFLAGS=''
CROSS_COMPILING='no'
CXX='g++'
CXXCPP='g++ -E'
CXXFLAGS='-O2'
DEFS='-DHAVE_CONFIG_H'
ECHO_C=''
ECHO_N='-n'
ECHO_T=''
EGREP='/bin/grep -E'
ENABLE_LONGDOUBLE='yes'
ENABLE_STATIC='yes'
ENABLE_ZIOP='yes'
EXEEXT=''
EXTRA_GCC_CXXFLAGS=''
GREP='/bin/grep'
INSTALL_DATA='${INSTALL} -m 644'
INSTALL_PROGRAM='${INSTALL}'
INSTALL_SCRIPT='${INSTALL}'
LDFLAGS=''
LIBOBJS=''
LIBS=''
LTLIBOBJS=''
OBJEXT='o'
OMKDEPEND=''
OMNIIDL=''
OMNINAMES_LOGDIR='/var/omninames'
OMNIORB_CONFIG='/etc/omniORB.cfg'
OMNI_USE_CFNETWORK_CONNECT='no'
OPENSSL_CFLAGS=''
OPENSSL_LIBS=''
OPEN_SSL_CPPFLAGS=''
OPEN_SSL_LIB=''
OPEN_SSL_ROOT=''
OSVERSION='2'
PACKAGE_BUGREPORT='bugs@omniorb-support.com'
PACKAGE_NAME='omniORB'
PACKAGE_STRING='omniORB 4.2.3'
PACKAGE_TARNAME='omniorb'
PACKAGE_URL=''
PACKAGE_VERSION='4.2.3'
PATH_SEPARATOR=':'
PKG_CONFIG='/usr/bin/pkg-config'
PKG_CONFIG_LIBDIR=''
PKG_CONFIG_PATH=''
PLATFORM_DEFINE='__linux__'
PLATFORM_NAME='Linux'
PROCESSOR_DEFINE='__x86_64__'
PROCESSOR_NAME='x8664Processor'
PYTHON='/usr/bin/python'
PYTHON_EXEC_PREFIX='${exec_prefix}'
PYTHON_PLATFORM='linux2'
PYTHON_PREFIX='${prefix}'
PYTHON_VERSION='2.7'
RANLIB='ranlib'
SET_MAKE=''
SHELL='/bin/bash'
ac_ct_CC='gcc'
ac_ct_CXX='g++'
bindir='${exec_prefix}/bin'
build='x86_64-unknown-linux-gnu'
build_alias=''
build_cpu='x86_64'
build_os='linux-gnu'
build_vendor='unknown'
datadir='${datarootdir}'
datarootdir='${prefix}/share'
docdir='${datarootdir}/doc/${PACKAGE_TARNAME}'
dvidir='${docdir}'
exec_prefix='${prefix}'
host='x86_64-unknown-linux-gnu'
host_alias=''
host_cpu='x86_64'
host_os='linux-gnu'
host_vendor='unknown'
htmldir='${docdir}'
includedir='${prefix}/include'
infodir='${datarootdir}/info'
libdir='${exec_prefix}/lib'
libexecdir='${exec_prefix}/libexec'
localedir='${datarootdir}/locale'
localstatedir='${prefix}/var'
mandir='${datarootdir}/man'
oldincludedir='/usr/include'
pdfdir='${docdir}'
pkgpyexecdir='${pyexecdir}/'
pkgpythondir='${pythondir}/'
prefix='/usr/local'
program_transform_name='s,x,x,'
psdir='${docdir}'
pyexecdir='${exec_prefix}/lib/python2.7/dist-packages'
pythondir='${prefix}/lib/python2.7/dist-packages'
sbindir='${exec_prefix}/sbin'
sharedstatedir='${prefix}/com'
sysconfdir='${prefix}/etc'
target_alias=''

## ----------- ##
## confdefs.h. ##
## ----------- ##

/* confdefs.h */
#define PACKAGE_NAME "omniORB"
#define PACKAGE_TARNAME "omniorb"
#define PACKAGE_VERSION "4.2.3"
#define PACKAGE_STRING "omniORB 4.2.3"
#define PACKAGE_BUGREPORT "bugs@omniorb-support.com"
#define PACKAGE_URL ""
#define STDC_HEADERS 1
#define HAVE_SYS_TYPES_H 1
#define HAVE_SYS_STAT_H 1
#define HAVE_STDLIB_H 1
#define HAVE_STRING_H 1
#define HAVE_MEMORY_H 1
#define HAVE_STRINGS_H 1
#define HAVE_INTTYPES_H 1
#define HAVE_STDINT_H 1
#define HAVE_UNISTD_H 1
#define HAVE_ERRNO_H 1
#define HAVE_FCNTL_H 1
#define HAVE_NETDB_H 1
#define HAVE_SIGNAL_H 1
#define HAVE_STDLIB_H 1
#define HAVE_STRING_H 1
#define HAVE_STRINGS_H 1
#define HAVE_UNISTD_H 1
#define HAVE_SYS_IOCTL_H 1
#define HAVE_SYS_PARAM_H 1
#define HAVE_SYS_TIME_H 1
#define HAVE_SYS_POLL_H 1
#define HAVE_IFADDRS_H 1
#define TIME_WITH_SYS_TIME 1
#define SIZEOF_CHAR 1
#define SIZEOF_UNSIGNED_CHAR 1
#define SIZEOF_BOOL 1
#define SIZEOF_SHORT 2
#define SIZEOF_INT 4
#define SIZEOF_LONG 8
#define SIZEOF_LONG_LONG 8
#define SIZEOF_FLOAT 4
#define SIZEOF_DOUBLE 8
#define SIZEOF_LONG_DOUBLE 16
#define SIZEOF_WCHAR_T 4
#define SIZEOF_VOIDP 8
#define HAVE_STRUCT_SOCKADDR_IN6 1
#define HAVE_STRUCT_SOCKADDR_STORAGE 1
#define HAVE_STRUCT_SOCKADDR_IN_SIN_ZERO 1
#define HAVE_BOOL /**/
#define HAVE_CONST_CAST /**/
#define HAVE_DYNAMIC_CAST /**/
#define HAVE_REINTERPRET_CAST /**/
#define HAVE_NAMESPACES /**/
#define HAVE_STD /**/
#define HAVE_MEMBER_CONSTANTS /**/
#define HAVE_EXCEPTIONS /**/
#define HAVE_CATCH_BY_BASE /**/
#define OMNI_HAVE_COVARIANT_RETURNS /**/
#define HAVE_GETADDRINFO 1
#define HAVE_GETHOSTNAME 1
#define HAVE_GETOPT 1
#define HAVE_GETPID 1
#define HAVE_GETTIMEOFDAY 1
#define HAVE_GETNAMEINFO 1
#define HAVE_INET_NTOP 1
#define HAVE_ISINF 1
#define HAVE_ISINFL 1
#define HAVE_LOCALTIME 1
#define HAVE_NANOSLEEP 1
#define HAVE_POLL 1
#define HAVE_RAND_R 1
#define HAVE_SIGACTION 1
#define HAVE_SNPRINTF 1
#define HAVE_STRCASECMP 1
#define HAVE_STRDUP 1
#define HAVE_STRERROR 1
#define HAVE_STRFTIME 1
#define HAVE_STRNCASECMP 1
#define HAVE_STRTOUL 1
#define HAVE_STRTOULL 1
#define HAVE_STRTOUQ 1
#define HAVE_UNAME 1
#define HAVE_VPRINTF 1
#define HAVE_VSNPRINTF 1
#define HAVE_ALLOCA_H 1
#define HAVE_ALLOCA 1
#define HAVE_SIG_IGN /**/
#define GETTIMEOFDAY_TIMEZONE /**/
#define OMNI_SOCKNAME_SIZE_T socklen_t
#define OMNI_HAVE_SYNC_ADD_AND_FETCH /**/

configure: exit 0
